[0.255s] DEBUG:colcon:Command line arguments: ['/nix/store/rsffwkc8nqixa8qy458rvcw3zrwrqwz6-python3.12-colcon-core-0.19.0/bin/colcon', 'build', '--cmake-args', '-DCMAKE_EXPORT_COMPILE_COMMANDS=ON']
[0.255s] DEBUG:colcon:Parsed command line arguments: Namespace(log_base=None, log_level=None, verb_name='build', build_base='build', install_base='install', merge_install=False, symlink_install=False, test_result_base=None, continue_on_error=False, executor='parallel', parallel_workers=16, event_handlers=None, ignore_user_meta=False, metas=['./colcon.meta'], base_paths=['.'], packages_ignore=None, packages_ignore_regex=None, paths=None, packages_up_to=None, packages_up_to_regex=None, packages_above=None, packages_above_and_dependencies=None, packages_above_depth=None, packages_select_by_dep=None, packages_skip_by_dep=None, packages_skip_up_to=None, packages_select_build_failed=False, packages_skip_build_finished=False, packages_select_test_failures=False, packages_skip_test_passed=False, packages_select=None, packages_skip=None, packages_select_regex=None, packages_skip_regex=None, packages_start=None, packages_end=None, cmake_args=['-DCMAKE_EXPORT_COMPILE_COMMANDS=ON'], cmake_target=None, cmake_target_skip_unavailable=False, cmake_clean_cache=False, cmake_clean_first=False, cmake_force_configure=False, ament_cmake_args=None, catkin_cmake_args=None, catkin_skip_building_tests=False, mixin_files=None, mixin=None, verb_parser=<colcon_mixin.mixin.mixin_argument.MixinArgumentDecorator object at 0x7ffff59b6840>, verb_extension=<colcon_core.verb.build.BuildVerb object at 0x7ffff5b5aa50>, main=<bound method BuildVerb.main of <colcon_core.verb.build.BuildVerb object at 0x7ffff5b5aa50>>, mixin_verb=('build',))
[0.307s] Level 1:colcon.colcon_core.package_discovery:discover_packages(colcon_meta) check parameters
[0.307s] Level 1:colcon.colcon_core.package_discovery:discover_packages(recursive) check parameters
[0.307s] Level 1:colcon.colcon_core.package_discovery:discover_packages(ignore) check parameters
[0.307s] Level 1:colcon.colcon_core.package_discovery:discover_packages(path) check parameters
[0.307s] Level 1:colcon.colcon_core.package_discovery:discover_packages(colcon_meta) discover
[0.307s] Level 1:colcon.colcon_core.package_discovery:discover_packages(recursive) discover
[0.307s] INFO:colcon.colcon_core.package_discovery:Crawling recursively for packages in '/home/cheetah/Desktop/JSHong/mcl_quadruped_pkgs'
[0.307s] Level 1:colcon.colcon_core.package_identification:_identify(.) by extensions ['ignore', 'ignore_ament_install']
[0.307s] Level 1:colcon.colcon_core.package_identification:_identify(.) by extension 'ignore'
[0.307s] Level 1:colcon.colcon_core.package_identification:_identify(.) by extension 'ignore_ament_install'
[0.308s] Level 1:colcon.colcon_core.package_identification:_identify(.) by extensions ['colcon_pkg']
[0.308s] Level 1:colcon.colcon_core.package_identification:_identify(.) by extension 'colcon_pkg'
[0.308s] Level 1:colcon.colcon_core.package_identification:_identify(.) by extensions ['colcon_meta']
[0.308s] Level 1:colcon.colcon_core.package_identification:_identify(.) by extension 'colcon_meta'
[0.308s] Level 1:colcon.colcon_core.package_identification:_identify(.) by extensions ['ros']
[0.308s] Level 1:colcon.colcon_core.package_identification:_identify(.) by extension 'ros'
[0.342s] Level 1:colcon.colcon_core.package_identification:_identify(.) by extensions ['cmake', 'python']
[0.342s] Level 1:colcon.colcon_core.package_identification:_identify(.) by extension 'cmake'
[0.342s] Level 1:colcon.colcon_core.package_identification:_identify(.) by extension 'python'
[0.342s] Level 1:colcon.colcon_core.package_identification:_identify(.) by extensions ['python_setup_py']
[0.343s] Level 1:colcon.colcon_core.package_identification:_identify(.) by extension 'python_setup_py'
[0.343s] Level 1:colcon.colcon_core.package_identification:_identify(Controller) by extensions ['ignore', 'ignore_ament_install']
[0.343s] Level 1:colcon.colcon_core.package_identification:_identify(Controller) by extension 'ignore'
[0.343s] Level 1:colcon.colcon_core.package_identification:_identify(Controller) by extension 'ignore_ament_install'
[0.343s] Level 1:colcon.colcon_core.package_identification:_identify(Controller) by extensions ['colcon_pkg']
[0.343s] Level 1:colcon.colcon_core.package_identification:_identify(Controller) by extension 'colcon_pkg'
[0.343s] Level 1:colcon.colcon_core.package_identification:_identify(Controller) by extensions ['colcon_meta']
[0.343s] Level 1:colcon.colcon_core.package_identification:_identify(Controller) by extension 'colcon_meta'
[0.343s] Level 1:colcon.colcon_core.package_identification:_identify(Controller) by extensions ['ros']
[0.343s] Level 1:colcon.colcon_core.package_identification:_identify(Controller) by extension 'ros'
[0.343s] Level 1:colcon.colcon_core.package_identification:_identify(Controller) by extensions ['cmake', 'python']
[0.343s] Level 1:colcon.colcon_core.package_identification:_identify(Controller) by extension 'cmake'
[0.343s] Level 1:colcon.colcon_core.package_identification:_identify(Controller) by extension 'python'
[0.344s] Level 1:colcon.colcon_core.package_identification:_identify(Controller) by extensions ['python_setup_py']
[0.344s] Level 1:colcon.colcon_core.package_identification:_identify(Controller) by extension 'python_setup_py'
[0.344s] Level 1:colcon.colcon_core.package_identification:_identify(Controller/2DOF) by extensions ['ignore', 'ignore_ament_install']
[0.344s] Level 1:colcon.colcon_core.package_identification:_identify(Controller/2DOF) by extension 'ignore'
[0.344s] Level 1:colcon.colcon_core.package_identification:_identify(Controller/2DOF) by extension 'ignore_ament_install'
[0.344s] Level 1:colcon.colcon_core.package_identification:_identify(Controller/2DOF) by extensions ['colcon_pkg']
[0.344s] Level 1:colcon.colcon_core.package_identification:_identify(Controller/2DOF) by extension 'colcon_pkg'
[0.344s] Level 1:colcon.colcon_core.package_identification:_identify(Controller/2DOF) by extensions ['colcon_meta']
[0.344s] Level 1:colcon.colcon_core.package_identification:_identify(Controller/2DOF) by extension 'colcon_meta'
[0.344s] Level 1:colcon.colcon_core.package_identification:_identify(Controller/2DOF) by extensions ['ros']
[0.344s] Level 1:colcon.colcon_core.package_identification:_identify(Controller/2DOF) by extension 'ros'
[0.348s] DEBUG:colcon.colcon_core.package_identification:Package 'Controller/2DOF' with type 'ros.ament_cmake' and name 'Xenomai4'
[0.348s] Level 1:colcon.colcon_core.package_identification:_identify(assets) by extensions ['ignore', 'ignore_ament_install']
[0.348s] Level 1:colcon.colcon_core.package_identification:_identify(assets) by extension 'ignore'
[0.348s] Level 1:colcon.colcon_core.package_identification:_identify(assets) by extension 'ignore_ament_install'
[0.348s] Level 1:colcon.colcon_core.package_identification:_identify(assets) by extensions ['colcon_pkg']
[0.348s] Level 1:colcon.colcon_core.package_identification:_identify(assets) by extension 'colcon_pkg'
[0.348s] Level 1:colcon.colcon_core.package_identification:_identify(assets) by extensions ['colcon_meta']
[0.348s] Level 1:colcon.colcon_core.package_identification:_identify(assets) by extension 'colcon_meta'
[0.348s] Level 1:colcon.colcon_core.package_identification:_identify(assets) by extensions ['ros']
[0.349s] Level 1:colcon.colcon_core.package_identification:_identify(assets) by extension 'ros'
[0.349s] Level 1:colcon.colcon_core.package_identification:_identify(assets) by extensions ['cmake', 'python']
[0.349s] Level 1:colcon.colcon_core.package_identification:_identify(assets) by extension 'cmake'
[0.349s] Level 1:colcon.colcon_core.package_identification:_identify(assets) by extension 'python'
[0.349s] Level 1:colcon.colcon_core.package_identification:_identify(assets) by extensions ['python_setup_py']
[0.349s] Level 1:colcon.colcon_core.package_identification:_identify(assets) by extension 'python_setup_py'
[0.349s] Level 1:colcon.colcon_core.package_identification:_identify(assets/data) by extensions ['ignore', 'ignore_ament_install']
[0.349s] Level 1:colcon.colcon_core.package_identification:_identify(assets/data) by extension 'ignore'
[0.349s] Level 1:colcon.colcon_core.package_identification:_identify(assets/data) by extension 'ignore_ament_install'
[0.349s] Level 1:colcon.colcon_core.package_identification:_identify(assets/data) by extensions ['colcon_pkg']
[0.349s] Level 1:colcon.colcon_core.package_identification:_identify(assets/data) by extension 'colcon_pkg'
[0.349s] Level 1:colcon.colcon_core.package_identification:_identify(assets/data) by extensions ['colcon_meta']
[0.349s] Level 1:colcon.colcon_core.package_identification:_identify(assets/data) by extension 'colcon_meta'
[0.349s] Level 1:colcon.colcon_core.package_identification:_identify(assets/data) by extensions ['ros']
[0.349s] Level 1:colcon.colcon_core.package_identification:_identify(assets/data) by extension 'ros'
[0.350s] Level 1:colcon.colcon_core.package_identification:_identify(assets/data) by extensions ['cmake', 'python']
[0.350s] Level 1:colcon.colcon_core.package_identification:_identify(assets/data) by extension 'cmake'
[0.350s] Level 1:colcon.colcon_core.package_identification:_identify(assets/data) by extension 'python'
[0.350s] Level 1:colcon.colcon_core.package_identification:_identify(assets/data) by extensions ['python_setup_py']
[0.350s] Level 1:colcon.colcon_core.package_identification:_identify(assets/data) by extension 'python_setup_py'
[0.350s] Level 1:colcon.colcon_core.package_identification:_identify(assets/model) by extensions ['ignore', 'ignore_ament_install']
[0.350s] Level 1:colcon.colcon_core.package_identification:_identify(assets/model) by extension 'ignore'
[0.350s] Level 1:colcon.colcon_core.package_identification:_identify(assets/model) by extension 'ignore_ament_install'
[0.350s] Level 1:colcon.colcon_core.package_identification:_identify(assets/model) by extensions ['colcon_pkg']
[0.350s] Level 1:colcon.colcon_core.package_identification:_identify(assets/model) by extension 'colcon_pkg'
[0.350s] Level 1:colcon.colcon_core.package_identification:_identify(assets/model) by extensions ['colcon_meta']
[0.350s] Level 1:colcon.colcon_core.package_identification:_identify(assets/model) by extension 'colcon_meta'
[0.350s] Level 1:colcon.colcon_core.package_identification:_identify(assets/model) by extensions ['ros']
[0.350s] Level 1:colcon.colcon_core.package_identification:_identify(assets/model) by extension 'ros'
[0.350s] Level 1:colcon.colcon_core.package_identification:_identify(assets/model) by extensions ['cmake', 'python']
[0.351s] Level 1:colcon.colcon_core.package_identification:_identify(assets/model) by extension 'cmake'
[0.351s] Level 1:colcon.colcon_core.package_identification:_identify(assets/model) by extension 'python'
[0.351s] Level 1:colcon.colcon_core.package_identification:_identify(assets/model) by extensions ['python_setup_py']
[0.351s] Level 1:colcon.colcon_core.package_identification:_identify(assets/model) by extension 'python_setup_py'
[0.351s] Level 1:colcon.colcon_core.package_identification:_identify(assets/model/mjcf) by extensions ['ignore', 'ignore_ament_install']
[0.351s] Level 1:colcon.colcon_core.package_identification:_identify(assets/model/mjcf) by extension 'ignore'
[0.351s] Level 1:colcon.colcon_core.package_identification:_identify(assets/model/mjcf) by extension 'ignore_ament_install'
[0.351s] Level 1:colcon.colcon_core.package_identification:_identify(assets/model/mjcf) by extensions ['colcon_pkg']
[0.351s] Level 1:colcon.colcon_core.package_identification:_identify(assets/model/mjcf) by extension 'colcon_pkg'
[0.351s] Level 1:colcon.colcon_core.package_identification:_identify(assets/model/mjcf) by extensions ['colcon_meta']
[0.351s] Level 1:colcon.colcon_core.package_identification:_identify(assets/model/mjcf) by extension 'colcon_meta'
[0.351s] Level 1:colcon.colcon_core.package_identification:_identify(assets/model/mjcf) by extensions ['ros']
[0.351s] Level 1:colcon.colcon_core.package_identification:_identify(assets/model/mjcf) by extension 'ros'
[0.351s] Level 1:colcon.colcon_core.package_identification:_identify(assets/model/mjcf) by extensions ['cmake', 'python']
[0.351s] Level 1:colcon.colcon_core.package_identification:_identify(assets/model/mjcf) by extension 'cmake'
[0.351s] Level 1:colcon.colcon_core.package_identification:_identify(assets/model/mjcf) by extension 'python'
[0.352s] Level 1:colcon.colcon_core.package_identification:_identify(assets/model/mjcf) by extensions ['python_setup_py']
[0.352s] Level 1:colcon.colcon_core.package_identification:_identify(assets/model/mjcf) by extension 'python_setup_py'
[0.352s] Level 1:colcon.colcon_core.package_identification:_identify(assets/model/urdf) by extensions ['ignore', 'ignore_ament_install']
[0.352s] Level 1:colcon.colcon_core.package_identification:_identify(assets/model/urdf) by extension 'ignore'
[0.352s] Level 1:colcon.colcon_core.package_identification:_identify(assets/model/urdf) by extension 'ignore_ament_install'
[0.352s] Level 1:colcon.colcon_core.package_identification:_identify(assets/model/urdf) by extensions ['colcon_pkg']
[0.352s] Level 1:colcon.colcon_core.package_identification:_identify(assets/model/urdf) by extension 'colcon_pkg'
[0.352s] Level 1:colcon.colcon_core.package_identification:_identify(assets/model/urdf) by extensions ['colcon_meta']
[0.352s] Level 1:colcon.colcon_core.package_identification:_identify(assets/model/urdf) by extension 'colcon_meta'
[0.352s] Level 1:colcon.colcon_core.package_identification:_identify(assets/model/urdf) by extensions ['ros']
[0.352s] Level 1:colcon.colcon_core.package_identification:_identify(assets/model/urdf) by extension 'ros'
[0.352s] Level 1:colcon.colcon_core.package_identification:_identify(assets/model/urdf) by extensions ['cmake', 'python']
[0.352s] Level 1:colcon.colcon_core.package_identification:_identify(assets/model/urdf) by extension 'cmake'
[0.352s] Level 1:colcon.colcon_core.package_identification:_identify(assets/model/urdf) by extension 'python'
[0.352s] Level 1:colcon.colcon_core.package_identification:_identify(assets/model/urdf) by extensions ['python_setup_py']
[0.352s] Level 1:colcon.colcon_core.package_identification:_identify(assets/model/urdf) by extension 'python_setup_py'
[0.353s] Level 1:colcon.colcon_core.package_identification:_identify(build) by extensions ['ignore', 'ignore_ament_install']
[0.353s] Level 1:colcon.colcon_core.package_identification:_identify(build) by extension 'ignore'
[0.353s] Level 1:colcon.colcon_core.package_identification:_identify(build) ignored
[0.353s] Level 1:colcon.colcon_core.package_identification:_identify(cmake) by extensions ['ignore', 'ignore_ament_install']
[0.353s] Level 1:colcon.colcon_core.package_identification:_identify(cmake) by extension 'ignore'
[0.353s] Level 1:colcon.colcon_core.package_identification:_identify(cmake) by extension 'ignore_ament_install'
[0.353s] Level 1:colcon.colcon_core.package_identification:_identify(cmake) by extensions ['colcon_pkg']
[0.353s] Level 1:colcon.colcon_core.package_identification:_identify(cmake) by extension 'colcon_pkg'
[0.353s] Level 1:colcon.colcon_core.package_identification:_identify(cmake) by extensions ['colcon_meta']
[0.353s] Level 1:colcon.colcon_core.package_identification:_identify(cmake) by extension 'colcon_meta'
[0.353s] Level 1:colcon.colcon_core.package_identification:_identify(cmake) by extensions ['ros']
[0.353s] Level 1:colcon.colcon_core.package_identification:_identify(cmake) by extension 'ros'
[0.353s] Level 1:colcon.colcon_core.package_identification:_identify(cmake) by extensions ['cmake', 'python']
[0.353s] Level 1:colcon.colcon_core.package_identification:_identify(cmake) by extension 'cmake'
[0.354s] Level 1:colcon.colcon_core.package_identification:_identify(cmake) by extension 'python'
[0.354s] Level 1:colcon.colcon_core.package_identification:_identify(cmake) by extensions ['python_setup_py']
[0.354s] Level 1:colcon.colcon_core.package_identification:_identify(cmake) by extension 'python_setup_py'
[0.354s] Level 1:colcon.colcon_core.package_identification:_identify(gui) by extensions ['ignore', 'ignore_ament_install']
[0.354s] Level 1:colcon.colcon_core.package_identification:_identify(gui) by extension 'ignore'
[0.354s] Level 1:colcon.colcon_core.package_identification:_identify(gui) by extension 'ignore_ament_install'
[0.354s] Level 1:colcon.colcon_core.package_identification:_identify(gui) by extensions ['colcon_pkg']
[0.354s] Level 1:colcon.colcon_core.package_identification:_identify(gui) by extension 'colcon_pkg'
[0.354s] Level 1:colcon.colcon_core.package_identification:_identify(gui) by extensions ['colcon_meta']
[0.354s] Level 1:colcon.colcon_core.package_identification:_identify(gui) by extension 'colcon_meta'
[0.354s] Level 1:colcon.colcon_core.package_identification:_identify(gui) by extensions ['ros']
[0.354s] Level 1:colcon.colcon_core.package_identification:_identify(gui) by extension 'ros'
[0.356s] DEBUG:colcon.colcon_core.package_identification:Package 'gui' with type 'ros.ament_cmake' and name 'mcl_quadruped_gui'
[0.356s] Level 1:colcon.colcon_core.package_identification:_identify(install) by extensions ['ignore', 'ignore_ament_install']
[0.356s] Level 1:colcon.colcon_core.package_identification:_identify(install) by extension 'ignore'
[0.356s] Level 1:colcon.colcon_core.package_identification:_identify(install) ignored
[0.356s] Level 1:colcon.colcon_core.package_identification:_identify(log) by extensions ['ignore', 'ignore_ament_install']
[0.356s] Level 1:colcon.colcon_core.package_identification:_identify(log) by extension 'ignore'
[0.356s] Level 1:colcon.colcon_core.package_identification:_identify(log) ignored
[0.356s] Level 1:colcon.colcon_core.package_identification:_identify(mcl_robotics_lib_cpp) by extensions ['ignore', 'ignore_ament_install']
[0.357s] Level 1:colcon.colcon_core.package_identification:_identify(mcl_robotics_lib_cpp) by extension 'ignore'
[0.357s] Level 1:colcon.colcon_core.package_identification:_identify(mcl_robotics_lib_cpp) by extension 'ignore_ament_install'
[0.357s] Level 1:colcon.colcon_core.package_identification:_identify(mcl_robotics_lib_cpp) by extensions ['colcon_pkg']
[0.357s] Level 1:colcon.colcon_core.package_identification:_identify(mcl_robotics_lib_cpp) by extension 'colcon_pkg'
[0.357s] Level 1:colcon.colcon_core.package_identification:_identify(mcl_robotics_lib_cpp) by extensions ['colcon_meta']
[0.357s] Level 1:colcon.colcon_core.package_identification:_identify(mcl_robotics_lib_cpp) by extension 'colcon_meta'
[0.357s] Level 1:colcon.colcon_core.package_identification:_identify(mcl_robotics_lib_cpp) by extensions ['ros']
[0.357s] Level 1:colcon.colcon_core.package_identification:_identify(mcl_robotics_lib_cpp) by extension 'ros'
[0.357s] Level 1:colcon.colcon_core.package_identification:_identify(mcl_robotics_lib_cpp) by extensions ['cmake', 'python']
[0.357s] Level 1:colcon.colcon_core.package_identification:_identify(mcl_robotics_lib_cpp) by extension 'cmake'
[0.360s] Level 1:colcon.colcon_core.package_identification:_identify(mcl_robotics_lib_cpp) by extension 'python'
[0.360s] DEBUG:colcon.colcon_core.package_identification:Package 'mcl_robotics_lib_cpp' with type 'cmake' and name 'mcl_robotics_lib_cpp'
[0.360s] Level 1:colcon.colcon_core.package_identification:_identify(msgs) by extensions ['ignore', 'ignore_ament_install']
[0.360s] Level 1:colcon.colcon_core.package_identification:_identify(msgs) by extension 'ignore'
[0.360s] Level 1:colcon.colcon_core.package_identification:_identify(msgs) by extension 'ignore_ament_install'
[0.360s] Level 1:colcon.colcon_core.package_identification:_identify(msgs) by extensions ['colcon_pkg']
[0.360s] Level 1:colcon.colcon_core.package_identification:_identify(msgs) by extension 'colcon_pkg'
[0.360s] Level 1:colcon.colcon_core.package_identification:_identify(msgs) by extensions ['colcon_meta']
[0.360s] Level 1:colcon.colcon_core.package_identification:_identify(msgs) by extension 'colcon_meta'
[0.360s] Level 1:colcon.colcon_core.package_identification:_identify(msgs) by extensions ['ros']
[0.360s] Level 1:colcon.colcon_core.package_identification:_identify(msgs) by extension 'ros'
[0.361s] DEBUG:colcon.colcon_core.package_identification:Package 'msgs' with type 'ros.ament_cmake' and name 'mcl_quadruped_msgs'
[0.361s] Level 1:colcon.colcon_core.package_identification:_identify(mujoco) by extensions ['ignore', 'ignore_ament_install']
[0.362s] Level 1:colcon.colcon_core.package_identification:_identify(mujoco) by extension 'ignore'
[0.362s] Level 1:colcon.colcon_core.package_identification:_identify(mujoco) by extension 'ignore_ament_install'
[0.362s] Level 1:colcon.colcon_core.package_identification:_identify(mujoco) by extensions ['colcon_pkg']
[0.362s] Level 1:colcon.colcon_core.package_identification:_identify(mujoco) by extension 'colcon_pkg'
[0.362s] Level 1:colcon.colcon_core.package_identification:_identify(mujoco) by extensions ['colcon_meta']
[0.362s] Level 1:colcon.colcon_core.package_identification:_identify(mujoco) by extension 'colcon_meta'
[0.362s] Level 1:colcon.colcon_core.package_identification:_identify(mujoco) by extensions ['ros']
[0.362s] Level 1:colcon.colcon_core.package_identification:_identify(mujoco) by extension 'ros'
[0.363s] DEBUG:colcon.colcon_core.package_identification:Package 'mujoco' with type 'ros.ament_cmake' and name 'simple_mujoco_ros2_interface'
[0.363s] Level 1:colcon.colcon_core.package_identification:_identify(mylib) by extensions ['ignore', 'ignore_ament_install']
[0.363s] Level 1:colcon.colcon_core.package_identification:_identify(mylib) by extension 'ignore'
[0.363s] Level 1:colcon.colcon_core.package_identification:_identify(mylib) by extension 'ignore_ament_install'
[0.363s] Level 1:colcon.colcon_core.package_identification:_identify(mylib) by extensions ['colcon_pkg']
[0.363s] Level 1:colcon.colcon_core.package_identification:_identify(mylib) by extension 'colcon_pkg'
[0.363s] Level 1:colcon.colcon_core.package_identification:_identify(mylib) by extensions ['colcon_meta']
[0.363s] Level 1:colcon.colcon_core.package_identification:_identify(mylib) by extension 'colcon_meta'
[0.363s] Level 1:colcon.colcon_core.package_identification:_identify(mylib) by extensions ['ros']
[0.363s] Level 1:colcon.colcon_core.package_identification:_identify(mylib) by extension 'ros'
[0.363s] Level 1:colcon.colcon_core.package_identification:_identify(mylib) by extensions ['cmake', 'python']
[0.363s] Level 1:colcon.colcon_core.package_identification:_identify(mylib) by extension 'cmake'
[0.364s] Level 1:colcon.colcon_core.package_identification:_identify(mylib) by extension 'python'
[0.365s] DEBUG:colcon.colcon_core.package_identification:Package 'mylib' with type 'cmake' and name 'mylib'
[0.365s] Level 1:colcon.colcon_core.package_discovery:discover_packages(recursive) using defaults
[0.365s] Level 1:colcon.colcon_core.package_discovery:discover_packages(ignore) discover
[0.365s] Level 1:colcon.colcon_core.package_discovery:discover_packages(ignore) using defaults
[0.365s] Level 1:colcon.colcon_core.package_discovery:discover_packages(path) discover
[0.365s] Level 1:colcon.colcon_core.package_discovery:discover_packages(path) using defaults
[0.400s] Level 5:colcon.colcon_core.verb:set package 'mcl_quadruped_msgs' build argument 'cmake_args' from command line to '['-DCMAKE_EXPORT_COMPILE_COMMANDS=ON']'
[0.400s] Level 5:colcon.colcon_core.verb:set package 'mcl_quadruped_msgs' build argument 'cmake_target' from command line to 'None'
[0.400s] Level 5:colcon.colcon_core.verb:set package 'mcl_quadruped_msgs' build argument 'cmake_target_skip_unavailable' from command line to 'False'
[0.400s] Level 5:colcon.colcon_core.verb:set package 'mcl_quadruped_msgs' build argument 'cmake_clean_cache' from command line to 'False'
[0.400s] Level 5:colcon.colcon_core.verb:set package 'mcl_quadruped_msgs' build argument 'cmake_clean_first' from command line to 'False'
[0.400s] Level 5:colcon.colcon_core.verb:set package 'mcl_quadruped_msgs' build argument 'cmake_force_configure' from command line to 'False'
[0.400s] Level 5:colcon.colcon_core.verb:set package 'mcl_quadruped_msgs' build argument 'ament_cmake_args' from command line to 'None'
[0.400s] Level 5:colcon.colcon_core.verb:set package 'mcl_quadruped_msgs' build argument 'catkin_cmake_args' from command line to 'None'
[0.400s] Level 5:colcon.colcon_core.verb:set package 'mcl_quadruped_msgs' build argument 'catkin_skip_building_tests' from command line to 'False'
[0.400s] DEBUG:colcon.colcon_core.verb:Building package 'mcl_quadruped_msgs' with the following arguments: {'ament_cmake_args': None, 'build_base': '/home/cheetah/Desktop/JSHong/mcl_quadruped_pkgs/build/mcl_quadruped_msgs', 'catkin_cmake_args': None, 'catkin_skip_building_tests': False, 'cmake_args': ['-DCMAKE_EXPORT_COMPILE_COMMANDS=ON'], 'cmake_clean_cache': False, 'cmake_clean_first': False, 'cmake_force_configure': False, 'cmake_target': None, 'cmake_target_skip_unavailable': False, 'install_base': '/home/cheetah/Desktop/JSHong/mcl_quadruped_pkgs/install/mcl_quadruped_msgs', 'merge_install': False, 'path': '/home/cheetah/Desktop/JSHong/mcl_quadruped_pkgs/msgs', 'symlink_install': False, 'test_result_base': None}
[0.400s] Level 5:colcon.colcon_core.verb:set package 'mcl_robotics_lib_cpp' build argument 'cmake_args' from command line to '['-DCMAKE_EXPORT_COMPILE_COMMANDS=ON']'
[0.400s] Level 5:colcon.colcon_core.verb:set package 'mcl_robotics_lib_cpp' build argument 'cmake_target' from command line to 'None'
[0.400s] Level 5:colcon.colcon_core.verb:set package 'mcl_robotics_lib_cpp' build argument 'cmake_target_skip_unavailable' from command line to 'False'
[0.400s] Level 5:colcon.colcon_core.verb:set package 'mcl_robotics_lib_cpp' build argument 'cmake_clean_cache' from command line to 'False'
[0.400s] Level 5:colcon.colcon_core.verb:set package 'mcl_robotics_lib_cpp' build argument 'cmake_clean_first' from command line to 'False'
[0.400s] Level 5:colcon.colcon_core.verb:set package 'mcl_robotics_lib_cpp' build argument 'cmake_force_configure' from command line to 'False'
[0.401s] Level 5:colcon.colcon_core.verb:set package 'mcl_robotics_lib_cpp' build argument 'ament_cmake_args' from command line to 'None'
[0.401s] Level 5:colcon.colcon_core.verb:set package 'mcl_robotics_lib_cpp' build argument 'catkin_cmake_args' from command line to 'None'
[0.401s] Level 5:colcon.colcon_core.verb:set package 'mcl_robotics_lib_cpp' build argument 'catkin_skip_building_tests' from command line to 'False'
[0.401s] DEBUG:colcon.colcon_core.verb:Building package 'mcl_robotics_lib_cpp' with the following arguments: {'ament_cmake_args': None, 'build_base': '/home/cheetah/Desktop/JSHong/mcl_quadruped_pkgs/build/mcl_robotics_lib_cpp', 'catkin_cmake_args': None, 'catkin_skip_building_tests': False, 'cmake_args': ['-DCMAKE_EXPORT_COMPILE_COMMANDS=ON'], 'cmake_clean_cache': False, 'cmake_clean_first': False, 'cmake_force_configure': False, 'cmake_target': None, 'cmake_target_skip_unavailable': False, 'install_base': '/home/cheetah/Desktop/JSHong/mcl_quadruped_pkgs/install/mcl_robotics_lib_cpp', 'merge_install': False, 'path': '/home/cheetah/Desktop/JSHong/mcl_quadruped_pkgs/mcl_robotics_lib_cpp', 'symlink_install': False, 'test_result_base': None}
[0.401s] Level 5:colcon.colcon_core.verb:set package 'mylib' build argument 'cmake_args' from command line to '['-DCMAKE_EXPORT_COMPILE_COMMANDS=ON']'
[0.401s] Level 5:colcon.colcon_core.verb:set package 'mylib' build argument 'cmake_target' from command line to 'None'
[0.401s] Level 5:colcon.colcon_core.verb:set package 'mylib' build argument 'cmake_target_skip_unavailable' from command line to 'False'
[0.401s] Level 5:colcon.colcon_core.verb:set package 'mylib' build argument 'cmake_clean_cache' from command line to 'False'
[0.401s] Level 5:colcon.colcon_core.verb:set package 'mylib' build argument 'cmake_clean_first' from command line to 'False'
[0.401s] Level 5:colcon.colcon_core.verb:set package 'mylib' build argument 'cmake_force_configure' from command line to 'False'
[0.401s] Level 5:colcon.colcon_core.verb:set package 'mylib' build argument 'ament_cmake_args' from command line to 'None'
[0.401s] Level 5:colcon.colcon_core.verb:set package 'mylib' build argument 'catkin_cmake_args' from command line to 'None'
[0.401s] Level 5:colcon.colcon_core.verb:set package 'mylib' build argument 'catkin_skip_building_tests' from command line to 'False'
[0.401s] DEBUG:colcon.colcon_core.verb:Building package 'mylib' with the following arguments: {'ament_cmake_args': None, 'build_base': '/home/cheetah/Desktop/JSHong/mcl_quadruped_pkgs/build/mylib', 'catkin_cmake_args': None, 'catkin_skip_building_tests': False, 'cmake_args': ['-DCMAKE_EXPORT_COMPILE_COMMANDS=ON'], 'cmake_clean_cache': False, 'cmake_clean_first': False, 'cmake_force_configure': False, 'cmake_target': None, 'cmake_target_skip_unavailable': False, 'install_base': '/home/cheetah/Desktop/JSHong/mcl_quadruped_pkgs/install/mylib', 'merge_install': False, 'path': '/home/cheetah/Desktop/JSHong/mcl_quadruped_pkgs/mylib', 'symlink_install': False, 'test_result_base': None}
[0.402s] Level 5:colcon.colcon_core.verb:set package 'simple_mujoco_ros2_interface' build argument 'cmake_args' from command line to '['-DCMAKE_EXPORT_COMPILE_COMMANDS=ON']'
[0.402s] Level 5:colcon.colcon_core.verb:set package 'simple_mujoco_ros2_interface' build argument 'cmake_target' from command line to 'None'
[0.402s] Level 5:colcon.colcon_core.verb:set package 'simple_mujoco_ros2_interface' build argument 'cmake_target_skip_unavailable' from command line to 'False'
[0.402s] Level 5:colcon.colcon_core.verb:set package 'simple_mujoco_ros2_interface' build argument 'cmake_clean_cache' from command line to 'False'
[0.402s] Level 5:colcon.colcon_core.verb:set package 'simple_mujoco_ros2_interface' build argument 'cmake_clean_first' from command line to 'False'
[0.402s] Level 5:colcon.colcon_core.verb:set package 'simple_mujoco_ros2_interface' build argument 'cmake_force_configure' from command line to 'False'
[0.402s] Level 5:colcon.colcon_core.verb:set package 'simple_mujoco_ros2_interface' build argument 'ament_cmake_args' from command line to 'None'
[0.402s] Level 5:colcon.colcon_core.verb:set package 'simple_mujoco_ros2_interface' build argument 'catkin_cmake_args' from command line to 'None'
[0.402s] Level 5:colcon.colcon_core.verb:set package 'simple_mujoco_ros2_interface' build argument 'catkin_skip_building_tests' from command line to 'False'
[0.402s] DEBUG:colcon.colcon_core.verb:Building package 'simple_mujoco_ros2_interface' with the following arguments: {'ament_cmake_args': None, 'build_base': '/home/cheetah/Desktop/JSHong/mcl_quadruped_pkgs/build/simple_mujoco_ros2_interface', 'catkin_cmake_args': None, 'catkin_skip_building_tests': False, 'cmake_args': ['-DCMAKE_EXPORT_COMPILE_COMMANDS=ON'], 'cmake_clean_cache': False, 'cmake_clean_first': False, 'cmake_force_configure': False, 'cmake_target': None, 'cmake_target_skip_unavailable': False, 'install_base': '/home/cheetah/Desktop/JSHong/mcl_quadruped_pkgs/install/simple_mujoco_ros2_interface', 'merge_install': False, 'path': '/home/cheetah/Desktop/JSHong/mcl_quadruped_pkgs/mujoco', 'symlink_install': False, 'test_result_base': None}
[0.402s] Level 5:colcon.colcon_core.verb:set package 'Xenomai4' build argument 'cmake_args' from command line to '['-DCMAKE_EXPORT_COMPILE_COMMANDS=ON']'
[0.402s] Level 5:colcon.colcon_core.verb:set package 'Xenomai4' build argument 'cmake_target' from command line to 'None'
[0.402s] Level 5:colcon.colcon_core.verb:set package 'Xenomai4' build argument 'cmake_target_skip_unavailable' from command line to 'False'
[0.402s] Level 5:colcon.colcon_core.verb:set package 'Xenomai4' build argument 'cmake_clean_cache' from command line to 'False'
[0.402s] Level 5:colcon.colcon_core.verb:set package 'Xenomai4' build argument 'cmake_clean_first' from command line to 'False'
[0.402s] Level 5:colcon.colcon_core.verb:set package 'Xenomai4' build argument 'cmake_force_configure' from command line to 'False'
[0.402s] Level 5:colcon.colcon_core.verb:set package 'Xenomai4' build argument 'ament_cmake_args' from command line to 'None'
[0.402s] Level 5:colcon.colcon_core.verb:set package 'Xenomai4' build argument 'catkin_cmake_args' from command line to 'None'
[0.402s] Level 5:colcon.colcon_core.verb:set package 'Xenomai4' build argument 'catkin_skip_building_tests' from command line to 'False'
[0.403s] DEBUG:colcon.colcon_core.verb:Building package 'Xenomai4' with the following arguments: {'ament_cmake_args': None, 'build_base': '/home/cheetah/Desktop/JSHong/mcl_quadruped_pkgs/build/Xenomai4', 'catkin_cmake_args': None, 'catkin_skip_building_tests': False, 'cmake_args': ['-DCMAKE_EXPORT_COMPILE_COMMANDS=ON'], 'cmake_clean_cache': False, 'cmake_clean_first': False, 'cmake_force_configure': False, 'cmake_target': None, 'cmake_target_skip_unavailable': False, 'install_base': '/home/cheetah/Desktop/JSHong/mcl_quadruped_pkgs/install/Xenomai4', 'merge_install': False, 'path': '/home/cheetah/Desktop/JSHong/mcl_quadruped_pkgs/Controller/2DOF', 'symlink_install': False, 'test_result_base': None}
[0.403s] Level 5:colcon.colcon_core.verb:set package 'mcl_quadruped_gui' build argument 'cmake_args' from command line to '['-DCMAKE_EXPORT_COMPILE_COMMANDS=ON']'
[0.403s] Level 5:colcon.colcon_core.verb:set package 'mcl_quadruped_gui' build argument 'cmake_target' from command line to 'None'
[0.403s] Level 5:colcon.colcon_core.verb:set package 'mcl_quadruped_gui' build argument 'cmake_target_skip_unavailable' from command line to 'False'
[0.403s] Level 5:colcon.colcon_core.verb:set package 'mcl_quadruped_gui' build argument 'cmake_clean_cache' from command line to 'False'
[0.403s] Level 5:colcon.colcon_core.verb:set package 'mcl_quadruped_gui' build argument 'cmake_clean_first' from command line to 'False'
[0.403s] Level 5:colcon.colcon_core.verb:set package 'mcl_quadruped_gui' build argument 'cmake_force_configure' from command line to 'False'
[0.403s] Level 5:colcon.colcon_core.verb:set package 'mcl_quadruped_gui' build argument 'ament_cmake_args' from command line to 'None'
[0.403s] Level 5:colcon.colcon_core.verb:set package 'mcl_quadruped_gui' build argument 'catkin_cmake_args' from command line to 'None'
[0.403s] Level 5:colcon.colcon_core.verb:set package 'mcl_quadruped_gui' build argument 'catkin_skip_building_tests' from command line to 'False'
[0.403s] DEBUG:colcon.colcon_core.verb:Building package 'mcl_quadruped_gui' with the following arguments: {'ament_cmake_args': None, 'build_base': '/home/cheetah/Desktop/JSHong/mcl_quadruped_pkgs/build/mcl_quadruped_gui', 'catkin_cmake_args': None, 'catkin_skip_building_tests': False, 'cmake_args': ['-DCMAKE_EXPORT_COMPILE_COMMANDS=ON'], 'cmake_clean_cache': False, 'cmake_clean_first': False, 'cmake_force_configure': False, 'cmake_target': None, 'cmake_target_skip_unavailable': False, 'install_base': '/home/cheetah/Desktop/JSHong/mcl_quadruped_pkgs/install/mcl_quadruped_gui', 'merge_install': False, 'path': '/home/cheetah/Desktop/JSHong/mcl_quadruped_pkgs/gui', 'symlink_install': False, 'test_result_base': None}
[0.403s] INFO:colcon.colcon_core.executor:Executing jobs using 'parallel' executor
[0.405s] DEBUG:colcon.colcon_parallel_executor.executor.parallel:run_until_complete
[0.406s] INFO:colcon.colcon_ros.task.ament_cmake.build:Building ROS package in '/home/cheetah/Desktop/JSHong/mcl_quadruped_pkgs/msgs' with build type 'ament_cmake'
[0.406s] INFO:colcon.colcon_cmake.task.cmake.build:Building CMake package in '/home/cheetah/Desktop/JSHong/mcl_quadruped_pkgs/msgs'
[0.411s] INFO:colcon.colcon_core.plugin_system:Skipping extension 'colcon_core.shell.bat': Not used on non-Windows systems
[0.411s] DEBUG:colcon.colcon_core.shell:Skip shell extension 'dsv' for command environment
[0.413s] WARNING:colcon.colcon_ros.prefix_path.ament:The path '/nix/store/524p825vzng21y0qgq65cvjvjf2lq0yh-ros-env' in the environment variable AMENT_PREFIX_PATH doesn't contain any 'local_setup.*' files.
[0.415s] INFO:colcon.colcon_cmake.task.cmake.build:Building CMake package in '/home/cheetah/Desktop/JSHong/mcl_quadruped_pkgs/mcl_robotics_lib_cpp'
[0.415s] DEBUG:colcon.colcon_core.shell:Skip shell extension 'dsv' for command environment
[0.416s] INFO:colcon.colcon_cmake.task.cmake.build:Building CMake package in '/home/cheetah/Desktop/JSHong/mcl_quadruped_pkgs/mylib'
[0.416s] DEBUG:colcon.colcon_core.shell:Skip shell extension 'dsv' for command environment
[0.417s] INFO:colcon.colcon_ros.task.ament_cmake.build:Building ROS package in '/home/cheetah/Desktop/JSHong/mcl_quadruped_pkgs/mujoco' with build type 'ament_cmake'
[0.418s] INFO:colcon.colcon_cmake.task.cmake.build:Building CMake package in '/home/cheetah/Desktop/JSHong/mcl_quadruped_pkgs/mujoco'
[0.418s] DEBUG:colcon.colcon_core.shell:Skip shell extension 'dsv' for command environment
[0.424s] DEBUG:colcon.colcon_core.event_handler.log_command:Invoking command in '/home/cheetah/Desktop/JSHong/mcl_quadruped_pkgs/build/mcl_quadruped_msgs': CMAKE_PREFIX_PATH=/nix/store/524p825vzng21y0qgq65cvjvjf2lq0yh-ros-env XML_CATALOG_FILES= _=/nix/store/yh6qg1nsi5h2xblcr67030pz58fsaxx3-coreutils-9.6/bin/env buildPhase={ echo "------------------------------------------------------------";
  echo " WARNING: the existence of this path is not guaranteed.";
  echo " It is an internal implementation detail for pkgs.mkShell.";
  echo "------------------------------------------------------------";
  echo;
  # Record all build inputs as runtime dependencies
  export;
} >> "$out" /nix/store/8jljd7zhwwcpqmfj3cz18nbr9x4dilf1-python3.12-cmake-3.31.5/bin/cmake /home/cheetah/Desktop/JSHong/mcl_quadruped_pkgs/msgs -DCMAKE_EXPORT_COMPILE_COMMANDS=ON -DCMAKE_INSTALL_PREFIX=/home/cheetah/Desktop/JSHong/mcl_quadruped_pkgs/install/mcl_quadruped_msgs
[0.430s] DEBUG:colcon.colcon_core.event_handler.log_command:Invoking command in '/home/cheetah/Desktop/JSHong/mcl_quadruped_pkgs/build/mcl_robotics_lib_cpp': XML_CATALOG_FILES= _=/nix/store/yh6qg1nsi5h2xblcr67030pz58fsaxx3-coreutils-9.6/bin/env buildPhase={ echo "------------------------------------------------------------";
  echo " WARNING: the existence of this path is not guaranteed.";
  echo " It is an internal implementation detail for pkgs.mkShell.";
  echo "------------------------------------------------------------";
  echo;
  # Record all build inputs as runtime dependencies
  export;
} >> "$out" /nix/store/8jljd7zhwwcpqmfj3cz18nbr9x4dilf1-python3.12-cmake-3.31.5/bin/cmake /home/cheetah/Desktop/JSHong/mcl_quadruped_pkgs/mcl_robotics_lib_cpp -DCMAKE_EXPORT_COMPILE_COMMANDS=ON -DCMAKE_INSTALL_PREFIX=/home/cheetah/Desktop/JSHong/mcl_quadruped_pkgs/install/mcl_robotics_lib_cpp
[0.433s] DEBUG:colcon.colcon_core.event_handler.log_command:Invoking command in '/home/cheetah/Desktop/JSHong/mcl_quadruped_pkgs/build/mylib': XML_CATALOG_FILES= _=/nix/store/yh6qg1nsi5h2xblcr67030pz58fsaxx3-coreutils-9.6/bin/env buildPhase={ echo "------------------------------------------------------------";
  echo " WARNING: the existence of this path is not guaranteed.";
  echo " It is an internal implementation detail for pkgs.mkShell.";
  echo "------------------------------------------------------------";
  echo;
  # Record all build inputs as runtime dependencies
  export;
} >> "$out" /nix/store/8jljd7zhwwcpqmfj3cz18nbr9x4dilf1-python3.12-cmake-3.31.5/bin/cmake /home/cheetah/Desktop/JSHong/mcl_quadruped_pkgs/mylib -DCMAKE_EXPORT_COMPILE_COMMANDS=ON -DCMAKE_INSTALL_PREFIX=/home/cheetah/Desktop/JSHong/mcl_quadruped_pkgs/install/mylib
[0.435s] DEBUG:colcon.colcon_core.event_handler.log_command:Invoking command in '/home/cheetah/Desktop/JSHong/mcl_quadruped_pkgs/build/simple_mujoco_ros2_interface': CMAKE_PREFIX_PATH=/nix/store/524p825vzng21y0qgq65cvjvjf2lq0yh-ros-env XML_CATALOG_FILES= _=/nix/store/yh6qg1nsi5h2xblcr67030pz58fsaxx3-coreutils-9.6/bin/env buildPhase={ echo "------------------------------------------------------------";
  echo " WARNING: the existence of this path is not guaranteed.";
  echo " It is an internal implementation detail for pkgs.mkShell.";
  echo "------------------------------------------------------------";
  echo;
  # Record all build inputs as runtime dependencies
  export;
} >> "$out" /nix/store/8jljd7zhwwcpqmfj3cz18nbr9x4dilf1-python3.12-cmake-3.31.5/bin/cmake /home/cheetah/Desktop/JSHong/mcl_quadruped_pkgs/mujoco -DCMAKE_EXPORT_COMPILE_COMMANDS=ON -DCMAKE_INSTALL_PREFIX=/home/cheetah/Desktop/JSHong/mcl_quadruped_pkgs/install/simple_mujoco_ros2_interface
[1.176s] DEBUG:colcon.colcon_core.event_handler.log_command:Invoked command in '/home/cheetah/Desktop/JSHong/mcl_quadruped_pkgs/build/simple_mujoco_ros2_interface' returned '1': CMAKE_PREFIX_PATH=/nix/store/524p825vzng21y0qgq65cvjvjf2lq0yh-ros-env XML_CATALOG_FILES= _=/nix/store/yh6qg1nsi5h2xblcr67030pz58fsaxx3-coreutils-9.6/bin/env buildPhase={ echo "------------------------------------------------------------";
  echo " WARNING: the existence of this path is not guaranteed.";
  echo " It is an internal implementation detail for pkgs.mkShell.";
  echo "------------------------------------------------------------";
  echo;
  # Record all build inputs as runtime dependencies
  export;
} >> "$out" /nix/store/8jljd7zhwwcpqmfj3cz18nbr9x4dilf1-python3.12-cmake-3.31.5/bin/cmake /home/cheetah/Desktop/JSHong/mcl_quadruped_pkgs/mujoco -DCMAKE_EXPORT_COMPILE_COMMANDS=ON -DCMAKE_INSTALL_PREFIX=/home/cheetah/Desktop/JSHong/mcl_quadruped_pkgs/install/simple_mujoco_ros2_interface
[1.245s] Level 1:colcon.colcon_core.environment:create_environment_scripts_only(simple_mujoco_ros2_interface)
[1.252s] Level 1:colcon.colcon_core.environment:checking '/home/cheetah/Desktop/JSHong/mcl_quadruped_pkgs/install/simple_mujoco_ros2_interface' for CMake module files
[1.253s] Level 1:colcon.colcon_core.environment:checking '/home/cheetah/Desktop/JSHong/mcl_quadruped_pkgs/install/simple_mujoco_ros2_interface' for CMake config files
[1.254s] Level 1:colcon.colcon_core.environment:checking '/home/cheetah/Desktop/JSHong/mcl_quadruped_pkgs/install/simple_mujoco_ros2_interface/bin'
[1.254s] Level 1:colcon.colcon_core.environment:checking '/home/cheetah/Desktop/JSHong/mcl_quadruped_pkgs/install/simple_mujoco_ros2_interface/lib/pkgconfig/simple_mujoco_ros2_interface.pc'
[1.256s] Level 1:colcon.colcon_core.environment:checking '/home/cheetah/Desktop/JSHong/mcl_quadruped_pkgs/install/simple_mujoco_ros2_interface/lib/python3.12/site-packages'
[1.256s] Level 1:colcon.colcon_core.environment:checking '/home/cheetah/Desktop/JSHong/mcl_quadruped_pkgs/install/simple_mujoco_ros2_interface/bin'
[1.257s] INFO:colcon.colcon_core.shell:Creating package descriptor '/home/cheetah/Desktop/JSHong/mcl_quadruped_pkgs/install/simple_mujoco_ros2_interface/share/simple_mujoco_ros2_interface/package.dsv'
[1.258s] INFO:colcon.colcon_core.shell:Creating package script '/home/cheetah/Desktop/JSHong/mcl_quadruped_pkgs/install/simple_mujoco_ros2_interface/share/simple_mujoco_ros2_interface/package.sh'
[1.259s] INFO:colcon.colcon_core.shell:Creating package script '/home/cheetah/Desktop/JSHong/mcl_quadruped_pkgs/install/simple_mujoco_ros2_interface/share/simple_mujoco_ros2_interface/package.bash'
[1.259s] INFO:colcon.colcon_core.shell:Creating package script '/home/cheetah/Desktop/JSHong/mcl_quadruped_pkgs/install/simple_mujoco_ros2_interface/share/simple_mujoco_ros2_interface/package.zsh'
[1.260s] Level 1:colcon.colcon_core.environment:create_file_with_runtime_dependencies(/home/cheetah/Desktop/JSHong/mcl_quadruped_pkgs/install/simple_mujoco_ros2_interface/share/colcon-core/packages/simple_mujoco_ros2_interface)
[2.273s] DEBUG:colcon.colcon_parallel_executor.executor.parallel:closing loop
[2.274s] DEBUG:colcon.colcon_parallel_executor.executor.parallel:loop closed
[2.274s] DEBUG:colcon.colcon_parallel_executor.executor.parallel:run_until_complete finished with '1'
[2.274s] DEBUG:colcon.colcon_core.event_reactor:joining thread
[2.284s] INFO:colcon.colcon_core.plugin_system:Skipping extension 'colcon_notification.desktop_notification.terminal_notifier': Not used on non-Darwin systems
[2.284s] INFO:colcon.colcon_core.plugin_system:Skipping extension 'colcon_notification.desktop_notification.win32': Not used on non-Windows systems
[2.284s] INFO:colcon.colcon_notification.desktop_notification:Sending desktop notification using 'notify2'
[2.298s] DEBUG:colcon.colcon_core.event_reactor:joined thread
[2.299s] INFO:colcon.colcon_core.shell:Creating prefix script '/home/cheetah/Desktop/JSHong/mcl_quadruped_pkgs/install/local_setup.sh'
[2.300s] INFO:colcon.colcon_core.shell:Creating prefix util module '/home/cheetah/Desktop/JSHong/mcl_quadruped_pkgs/install/_local_setup_util_sh.py'
[2.301s] INFO:colcon.colcon_core.shell:Creating prefix chain script '/home/cheetah/Desktop/JSHong/mcl_quadruped_pkgs/install/setup.sh'
[2.302s] INFO:colcon.colcon_core.shell:Creating prefix script '/home/cheetah/Desktop/JSHong/mcl_quadruped_pkgs/install/local_setup.bash'
[2.303s] INFO:colcon.colcon_core.shell:Creating prefix chain script '/home/cheetah/Desktop/JSHong/mcl_quadruped_pkgs/install/setup.bash'
[2.304s] INFO:colcon.colcon_core.shell:Creating prefix script '/home/cheetah/Desktop/JSHong/mcl_quadruped_pkgs/install/local_setup.zsh'
[2.305s] INFO:colcon.colcon_core.shell:Creating prefix chain script '/home/cheetah/Desktop/JSHong/mcl_quadruped_pkgs/install/setup.zsh'
