-- The C compiler identification is GNU 14.2.1
-- The CXX compiler identification is GNU 14.2.1
-- Detecting C compiler ABI info
-- Detecting C compiler ABI info - done
-- Check for working C compiler: /nix/store/8v6k283dpbc0qkdq81nb6mrxrgcb10i1-gcc-wrapper-14-20241116/bin/gcc - skipped
-- Detecting C compile features
-- Detecting C compile features - done
-- Detecting CXX compiler ABI info
-- Detecting CXX compiler ABI info - done
-- Check for working CXX compiler: /nix/store/8v6k283dpbc0qkdq81nb6mrxrgcb10i1-gcc-wrapper-14-20241116/bin/g++ - skipped
-- Detecting CXX compile features
-- Detecting CXX compile features - done
-- Found ament_cmake: 1.3.11 (/nix/store/524p825vzng21y0qgq65cvjvjf2lq0yh-ros-env/share/ament_cmake/cmake)
-- Found Python3: /nix/store/524p825vzng21y0qgq65cvjvjf2lq0yh-ros-env/bin/python3 (found version "3.12.9") found components: Interpreter
-- Found std_msgs: 4.2.4 (/nix/store/524p825vzng21y0qgq65cvjvjf2lq0yh-ros-env/share/std_msgs/cmake)
-- Found rosidl_generator_c: 3.1.6 (/nix/store/524p825vzng21y0qgq65cvjvjf2lq0yh-ros-env/share/rosidl_generator_c/cmake)
-- Found rosidl_adapter: 3.1.6 (/nix/store/524p825vzng21y0qgq65cvjvjf2lq0yh-ros-env/share/rosidl_adapter/cmake)
-- Found rosidl_generator_cpp: 3.1.6 (/nix/store/524p825vzng21y0qgq65cvjvjf2lq0yh-ros-env/share/rosidl_generator_cpp/cmake)
-- Using all available rosidl_typesupport_c: rosidl_typesupport_fastrtps_c;rosidl_typesupport_introspection_c
-- Using all available rosidl_typesupport_cpp: rosidl_typesupport_fastrtps_cpp;rosidl_typesupport_introspection_cpp
-- Found sensor_msgs: 4.2.4 (/nix/store/524p825vzng21y0qgq65cvjvjf2lq0yh-ros-env/share/sensor_msgs/cmake)
-- Found rosidl_default_generators: 1.2.0 (/nix/store/524p825vzng21y0qgq65cvjvjf2lq0yh-ros-env/share/rosidl_default_generators/cmake)
-- Configuring incomplete, errors occurred!
