[0.018s] Invoking command in '/home/cheetah/Desktop/JSHong/mcl_quadruped_pkgs/build/mcl_quadruped_msgs': CMAKE_PREFIX_PATH=/nix/store/524p825vzng21y0qgq65cvjvjf2lq0yh-ros-env XML_CATALOG_FILES= _=/nix/store/yh6qg1nsi5h2xblcr67030pz58fsaxx3-coreutils-9.6/bin/env buildPhase={ echo "------------------------------------------------------------";
  echo " WARNING: the existence of this path is not guaranteed.";
  echo " It is an internal implementation detail for pkgs.mkShell.";
  echo "------------------------------------------------------------";
  echo;
  # Record all build inputs as runtime dependencies
  export;
} >> "$out" /nix/store/8jljd7zhwwcpqmfj3cz18nbr9x4dilf1-python3.12-cmake-3.31.5/bin/cmake /home/cheetah/Desktop/JSHong/mcl_quadruped_pkgs/msgs -DCMAKE_EXPORT_COMPILE_COMMANDS=ON -DCMAKE_INSTALL_PREFIX=/home/cheetah/Desktop/JSHong/mcl_quadruped_pkgs/install/mcl_quadruped_msgs
[0.202s] -- The C compiler identification is GNU 14.2.1
[0.384s] -- The CXX compiler identification is GNU 14.2.1
[0.405s] -- Detecting C compiler ABI info
[0.574s] -- Detecting C compiler ABI info - done
[0.678s] -- Check for working C compiler: /nix/store/8v6k283dpbc0qkdq81nb6mrxrgcb10i1-gcc-wrapper-14-20241116/bin/gcc - skipped
[0.678s] -- Detecting C compile features
[0.679s] -- Detecting C compile features - done
[0.831s] -- Detecting CXX compiler ABI info
[1.056s] -- Detecting CXX compiler ABI info - done
[1.135s] -- Check for working CXX compiler: /nix/store/8v6k283dpbc0qkdq81nb6mrxrgcb10i1-gcc-wrapper-14-20241116/bin/g++ - skipped
[1.135s] -- Detecting CXX compile features
[1.136s] -- Detecting CXX compile features - done
[1.220s] -- Found ament_cmake: 1.3.11 (/nix/store/524p825vzng21y0qgq65cvjvjf2lq0yh-ros-env/share/ament_cmake/cmake)
[1.475s] -- Found Python3: /nix/store/524p825vzng21y0qgq65cvjvjf2lq0yh-ros-env/bin/python3 (found version "3.12.9") found components: Interpreter
[1.642s] -- Found std_msgs: 4.2.4 (/nix/store/524p825vzng21y0qgq65cvjvjf2lq0yh-ros-env/share/std_msgs/cmake)
[1.676s] -- Found rosidl_generator_c: 3.1.6 (/nix/store/524p825vzng21y0qgq65cvjvjf2lq0yh-ros-env/share/rosidl_generator_c/cmake)
[1.681s] -- Found rosidl_adapter: 3.1.6 (/nix/store/524p825vzng21y0qgq65cvjvjf2lq0yh-ros-env/share/rosidl_adapter/cmake)
[1.690s] -- Found rosidl_generator_cpp: 3.1.6 (/nix/store/524p825vzng21y0qgq65cvjvjf2lq0yh-ros-env/share/rosidl_generator_cpp/cmake)
[1.705s] -- Using all available rosidl_typesupport_c: rosidl_typesupport_fastrtps_c;rosidl_typesupport_introspection_c
[1.724s] -- Using all available rosidl_typesupport_cpp: rosidl_typesupport_fastrtps_cpp;rosidl_typesupport_introspection_cpp
[1.764s] -- Found sensor_msgs: 4.2.4 (/nix/store/524p825vzng21y0qgq65cvjvjf2lq0yh-ros-env/share/sensor_msgs/cmake)
[1.829s] -- Found rosidl_default_generators: 1.2.0 (/nix/store/524p825vzng21y0qgq65cvjvjf2lq0yh-ros-env/share/rosidl_default_generators/cmake)
[1.845s] [31mCMake Error at CMakeLists.txt:24 (find_package):
[1.845s]   By not providing "Findpython_cmake_module.cmake" in CMAKE_MODULE_PATH this
[1.845s]   project has asked CMake to find a package configuration file provided by
[1.845s]   "python_cmake_module", but CMake did not find one.
[1.845s] 
[1.845s]   Could not find a package configuration file provided by
[1.845s]   "python_cmake_module" with any of the following names:
[1.845s] 
[1.845s]     python_cmake_moduleConfig.cmake
[1.845s]     python_cmake_module-config.cmake
[1.845s] 
[1.845s]   Add the installation prefix of "python_cmake_module" to CMAKE_PREFIX_PATH
[1.845s]   or set "python_cmake_module_DIR" to a directory containing one of the above
[1.845s]   files.  If "python_cmake_module" provides a separate development package or
[1.845s]   SDK, be sure it has been installed.
[1.845s] 
[1.845s] [0m
[1.846s] -- Configuring incomplete, errors occurred!
