[0.211s] DEBUG:colcon:Command line arguments: ['/nix/store/rsffwkc8nqixa8qy458rvcw3zrwrqwz6-python3.12-colcon-core-0.19.0/bin/colcon', 'build', '--cmake-args', '-DCMAKE_EXPORT_COMPILE_COMMANDS=ON', '--packages-skip', 'simple_mujoco_ros2_interface', 'mcl_robotics_lib_cpp', 'mylib']
[0.211s] DEBUG:colcon:Parsed command line arguments: Namespace(log_base=None, log_level=None, verb_name='build', build_base='build', install_base='install', merge_install=False, symlink_install=False, test_result_base=None, continue_on_error=False, executor='parallel', parallel_workers=16, event_handlers=None, ignore_user_meta=False, metas=['./colcon.meta'], base_paths=['.'], packages_ignore=None, packages_ignore_regex=None, paths=None, packages_up_to=None, packages_up_to_regex=None, packages_above=None, packages_above_and_dependencies=None, packages_above_depth=None, packages_select_by_dep=None, packages_skip_by_dep=None, packages_skip_up_to=None, packages_select_build_failed=False, packages_skip_build_finished=False, packages_select_test_failures=False, packages_skip_test_passed=False, packages_select=None, packages_skip=['simple_mujoco_ros2_interface', 'mcl_robotics_lib_cpp', 'mylib'], packages_select_regex=None, packages_skip_regex=None, packages_start=None, packages_end=None, cmake_args=['-DCMAKE_EXPORT_COMPILE_COMMANDS=ON'], cmake_target=None, cmake_target_skip_unavailable=False, cmake_clean_cache=False, cmake_clean_first=False, cmake_force_configure=False, ament_cmake_args=None, catkin_cmake_args=None, catkin_skip_building_tests=False, mixin_files=None, mixin=None, verb_parser=<colcon_mixin.mixin.mixin_argument.MixinArgumentDecorator object at 0x7ffff5bdb890>, verb_extension=<colcon_core.verb.build.BuildVerb object at 0x7ffff5b56c30>, main=<bound method BuildVerb.main of <colcon_core.verb.build.BuildVerb object at 0x7ffff5b56c30>>, mixin_verb=('build',))
[0.261s] Level 1:colcon.colcon_core.package_discovery:discover_packages(colcon_meta) check parameters
[0.261s] Level 1:colcon.colcon_core.package_discovery:discover_packages(recursive) check parameters
[0.261s] Level 1:colcon.colcon_core.package_discovery:discover_packages(ignore) check parameters
[0.261s] Level 1:colcon.colcon_core.package_discovery:discover_packages(path) check parameters
[0.261s] Level 1:colcon.colcon_core.package_discovery:discover_packages(colcon_meta) discover
[0.261s] Level 1:colcon.colcon_core.package_discovery:discover_packages(recursive) discover
[0.261s] INFO:colcon.colcon_core.package_discovery:Crawling recursively for packages in '/home/cheetah/Desktop/JSHong/mcl_quadruped_pkgs'
[0.261s] Level 1:colcon.colcon_core.package_identification:_identify(.) by extensions ['ignore', 'ignore_ament_install']
[0.261s] Level 1:colcon.colcon_core.package_identification:_identify(.) by extension 'ignore'
[0.261s] Level 1:colcon.colcon_core.package_identification:_identify(.) by extension 'ignore_ament_install'
[0.262s] Level 1:colcon.colcon_core.package_identification:_identify(.) by extensions ['colcon_pkg']
[0.262s] Level 1:colcon.colcon_core.package_identification:_identify(.) by extension 'colcon_pkg'
[0.262s] Level 1:colcon.colcon_core.package_identification:_identify(.) by extensions ['colcon_meta']
[0.262s] Level 1:colcon.colcon_core.package_identification:_identify(.) by extension 'colcon_meta'
[0.262s] Level 1:colcon.colcon_core.package_identification:_identify(.) by extensions ['ros']
[0.262s] Level 1:colcon.colcon_core.package_identification:_identify(.) by extension 'ros'
[0.297s] Level 1:colcon.colcon_core.package_identification:_identify(.) by extensions ['cmake', 'python']
[0.297s] Level 1:colcon.colcon_core.package_identification:_identify(.) by extension 'cmake'
[0.297s] Level 1:colcon.colcon_core.package_identification:_identify(.) by extension 'python'
[0.297s] Level 1:colcon.colcon_core.package_identification:_identify(.) by extensions ['python_setup_py']
[0.297s] Level 1:colcon.colcon_core.package_identification:_identify(.) by extension 'python_setup_py'
[0.297s] Level 1:colcon.colcon_core.package_identification:_identify(Controller) by extensions ['ignore', 'ignore_ament_install']
[0.297s] Level 1:colcon.colcon_core.package_identification:_identify(Controller) by extension 'ignore'
[0.297s] Level 1:colcon.colcon_core.package_identification:_identify(Controller) by extension 'ignore_ament_install'
[0.297s] Level 1:colcon.colcon_core.package_identification:_identify(Controller) by extensions ['colcon_pkg']
[0.297s] Level 1:colcon.colcon_core.package_identification:_identify(Controller) by extension 'colcon_pkg'
[0.298s] Level 1:colcon.colcon_core.package_identification:_identify(Controller) by extensions ['colcon_meta']
[0.298s] Level 1:colcon.colcon_core.package_identification:_identify(Controller) by extension 'colcon_meta'
[0.298s] Level 1:colcon.colcon_core.package_identification:_identify(Controller) by extensions ['ros']
[0.298s] Level 1:colcon.colcon_core.package_identification:_identify(Controller) by extension 'ros'
[0.298s] Level 1:colcon.colcon_core.package_identification:_identify(Controller) by extensions ['cmake', 'python']
[0.298s] Level 1:colcon.colcon_core.package_identification:_identify(Controller) by extension 'cmake'
[0.298s] Level 1:colcon.colcon_core.package_identification:_identify(Controller) by extension 'python'
[0.298s] Level 1:colcon.colcon_core.package_identification:_identify(Controller) by extensions ['python_setup_py']
[0.298s] Level 1:colcon.colcon_core.package_identification:_identify(Controller) by extension 'python_setup_py'
[0.298s] Level 1:colcon.colcon_core.package_identification:_identify(Controller/2DOF) by extensions ['ignore', 'ignore_ament_install']
[0.298s] Level 1:colcon.colcon_core.package_identification:_identify(Controller/2DOF) by extension 'ignore'
[0.298s] Level 1:colcon.colcon_core.package_identification:_identify(Controller/2DOF) by extension 'ignore_ament_install'
[0.298s] Level 1:colcon.colcon_core.package_identification:_identify(Controller/2DOF) by extensions ['colcon_pkg']
[0.298s] Level 1:colcon.colcon_core.package_identification:_identify(Controller/2DOF) by extension 'colcon_pkg'
[0.298s] Level 1:colcon.colcon_core.package_identification:_identify(Controller/2DOF) by extensions ['colcon_meta']
[0.298s] Level 1:colcon.colcon_core.package_identification:_identify(Controller/2DOF) by extension 'colcon_meta'
[0.299s] Level 1:colcon.colcon_core.package_identification:_identify(Controller/2DOF) by extensions ['ros']
[0.299s] Level 1:colcon.colcon_core.package_identification:_identify(Controller/2DOF) by extension 'ros'
[0.302s] DEBUG:colcon.colcon_core.package_identification:Package 'Controller/2DOF' with type 'ros.ament_cmake' and name 'Xenomai4'
[0.302s] Level 1:colcon.colcon_core.package_identification:_identify(assets) by extensions ['ignore', 'ignore_ament_install']
[0.302s] Level 1:colcon.colcon_core.package_identification:_identify(assets) by extension 'ignore'
[0.302s] Level 1:colcon.colcon_core.package_identification:_identify(assets) by extension 'ignore_ament_install'
[0.302s] Level 1:colcon.colcon_core.package_identification:_identify(assets) by extensions ['colcon_pkg']
[0.302s] Level 1:colcon.colcon_core.package_identification:_identify(assets) by extension 'colcon_pkg'
[0.303s] Level 1:colcon.colcon_core.package_identification:_identify(assets) by extensions ['colcon_meta']
[0.303s] Level 1:colcon.colcon_core.package_identification:_identify(assets) by extension 'colcon_meta'
[0.303s] Level 1:colcon.colcon_core.package_identification:_identify(assets) by extensions ['ros']
[0.303s] Level 1:colcon.colcon_core.package_identification:_identify(assets) by extension 'ros'
[0.303s] Level 1:colcon.colcon_core.package_identification:_identify(assets) by extensions ['cmake', 'python']
[0.303s] Level 1:colcon.colcon_core.package_identification:_identify(assets) by extension 'cmake'
[0.303s] Level 1:colcon.colcon_core.package_identification:_identify(assets) by extension 'python'
[0.303s] Level 1:colcon.colcon_core.package_identification:_identify(assets) by extensions ['python_setup_py']
[0.303s] Level 1:colcon.colcon_core.package_identification:_identify(assets) by extension 'python_setup_py'
[0.303s] Level 1:colcon.colcon_core.package_identification:_identify(assets/data) by extensions ['ignore', 'ignore_ament_install']
[0.303s] Level 1:colcon.colcon_core.package_identification:_identify(assets/data) by extension 'ignore'
[0.303s] Level 1:colcon.colcon_core.package_identification:_identify(assets/data) by extension 'ignore_ament_install'
[0.303s] Level 1:colcon.colcon_core.package_identification:_identify(assets/data) by extensions ['colcon_pkg']
[0.304s] Level 1:colcon.colcon_core.package_identification:_identify(assets/data) by extension 'colcon_pkg'
[0.304s] Level 1:colcon.colcon_core.package_identification:_identify(assets/data) by extensions ['colcon_meta']
[0.304s] Level 1:colcon.colcon_core.package_identification:_identify(assets/data) by extension 'colcon_meta'
[0.304s] Level 1:colcon.colcon_core.package_identification:_identify(assets/data) by extensions ['ros']
[0.304s] Level 1:colcon.colcon_core.package_identification:_identify(assets/data) by extension 'ros'
[0.304s] Level 1:colcon.colcon_core.package_identification:_identify(assets/data) by extensions ['cmake', 'python']
[0.304s] Level 1:colcon.colcon_core.package_identification:_identify(assets/data) by extension 'cmake'
[0.304s] Level 1:colcon.colcon_core.package_identification:_identify(assets/data) by extension 'python'
[0.304s] Level 1:colcon.colcon_core.package_identification:_identify(assets/data) by extensions ['python_setup_py']
[0.304s] Level 1:colcon.colcon_core.package_identification:_identify(assets/data) by extension 'python_setup_py'
[0.304s] Level 1:colcon.colcon_core.package_identification:_identify(assets/model) by extensions ['ignore', 'ignore_ament_install']
[0.304s] Level 1:colcon.colcon_core.package_identification:_identify(assets/model) by extension 'ignore'
[0.305s] Level 1:colcon.colcon_core.package_identification:_identify(assets/model) by extension 'ignore_ament_install'
[0.305s] Level 1:colcon.colcon_core.package_identification:_identify(assets/model) by extensions ['colcon_pkg']
[0.305s] Level 1:colcon.colcon_core.package_identification:_identify(assets/model) by extension 'colcon_pkg'
[0.305s] Level 1:colcon.colcon_core.package_identification:_identify(assets/model) by extensions ['colcon_meta']
[0.305s] Level 1:colcon.colcon_core.package_identification:_identify(assets/model) by extension 'colcon_meta'
[0.305s] Level 1:colcon.colcon_core.package_identification:_identify(assets/model) by extensions ['ros']
[0.305s] Level 1:colcon.colcon_core.package_identification:_identify(assets/model) by extension 'ros'
[0.305s] Level 1:colcon.colcon_core.package_identification:_identify(assets/model) by extensions ['cmake', 'python']
[0.305s] Level 1:colcon.colcon_core.package_identification:_identify(assets/model) by extension 'cmake'
[0.305s] Level 1:colcon.colcon_core.package_identification:_identify(assets/model) by extension 'python'
[0.305s] Level 1:colcon.colcon_core.package_identification:_identify(assets/model) by extensions ['python_setup_py']
[0.305s] Level 1:colcon.colcon_core.package_identification:_identify(assets/model) by extension 'python_setup_py'
[0.305s] Level 1:colcon.colcon_core.package_identification:_identify(assets/model/mjcf) by extensions ['ignore', 'ignore_ament_install']
[0.306s] Level 1:colcon.colcon_core.package_identification:_identify(assets/model/mjcf) by extension 'ignore'
[0.306s] Level 1:colcon.colcon_core.package_identification:_identify(assets/model/mjcf) by extension 'ignore_ament_install'
[0.306s] Level 1:colcon.colcon_core.package_identification:_identify(assets/model/mjcf) by extensions ['colcon_pkg']
[0.306s] Level 1:colcon.colcon_core.package_identification:_identify(assets/model/mjcf) by extension 'colcon_pkg'
[0.306s] Level 1:colcon.colcon_core.package_identification:_identify(assets/model/mjcf) by extensions ['colcon_meta']
[0.306s] Level 1:colcon.colcon_core.package_identification:_identify(assets/model/mjcf) by extension 'colcon_meta'
[0.306s] Level 1:colcon.colcon_core.package_identification:_identify(assets/model/mjcf) by extensions ['ros']
[0.306s] Level 1:colcon.colcon_core.package_identification:_identify(assets/model/mjcf) by extension 'ros'
[0.306s] Level 1:colcon.colcon_core.package_identification:_identify(assets/model/mjcf) by extensions ['cmake', 'python']
[0.306s] Level 1:colcon.colcon_core.package_identification:_identify(assets/model/mjcf) by extension 'cmake'
[0.306s] Level 1:colcon.colcon_core.package_identification:_identify(assets/model/mjcf) by extension 'python'
[0.306s] Level 1:colcon.colcon_core.package_identification:_identify(assets/model/mjcf) by extensions ['python_setup_py']
[0.306s] Level 1:colcon.colcon_core.package_identification:_identify(assets/model/mjcf) by extension 'python_setup_py'
[0.306s] Level 1:colcon.colcon_core.package_identification:_identify(assets/model/urdf) by extensions ['ignore', 'ignore_ament_install']
[0.306s] Level 1:colcon.colcon_core.package_identification:_identify(assets/model/urdf) by extension 'ignore'
[0.307s] Level 1:colcon.colcon_core.package_identification:_identify(assets/model/urdf) by extension 'ignore_ament_install'
[0.307s] Level 1:colcon.colcon_core.package_identification:_identify(assets/model/urdf) by extensions ['colcon_pkg']
[0.307s] Level 1:colcon.colcon_core.package_identification:_identify(assets/model/urdf) by extension 'colcon_pkg'
[0.307s] Level 1:colcon.colcon_core.package_identification:_identify(assets/model/urdf) by extensions ['colcon_meta']
[0.307s] Level 1:colcon.colcon_core.package_identification:_identify(assets/model/urdf) by extension 'colcon_meta'
[0.307s] Level 1:colcon.colcon_core.package_identification:_identify(assets/model/urdf) by extensions ['ros']
[0.307s] Level 1:colcon.colcon_core.package_identification:_identify(assets/model/urdf) by extension 'ros'
[0.307s] Level 1:colcon.colcon_core.package_identification:_identify(assets/model/urdf) by extensions ['cmake', 'python']
[0.307s] Level 1:colcon.colcon_core.package_identification:_identify(assets/model/urdf) by extension 'cmake'
[0.307s] Level 1:colcon.colcon_core.package_identification:_identify(assets/model/urdf) by extension 'python'
[0.307s] Level 1:colcon.colcon_core.package_identification:_identify(assets/model/urdf) by extensions ['python_setup_py']
[0.307s] Level 1:colcon.colcon_core.package_identification:_identify(assets/model/urdf) by extension 'python_setup_py'
[0.307s] Level 1:colcon.colcon_core.package_identification:_identify(build) by extensions ['ignore', 'ignore_ament_install']
[0.307s] Level 1:colcon.colcon_core.package_identification:_identify(build) by extension 'ignore'
[0.307s] Level 1:colcon.colcon_core.package_identification:_identify(build) ignored
[0.308s] Level 1:colcon.colcon_core.package_identification:_identify(cmake) by extensions ['ignore', 'ignore_ament_install']
[0.308s] Level 1:colcon.colcon_core.package_identification:_identify(cmake) by extension 'ignore'
[0.308s] Level 1:colcon.colcon_core.package_identification:_identify(cmake) by extension 'ignore_ament_install'
[0.308s] Level 1:colcon.colcon_core.package_identification:_identify(cmake) by extensions ['colcon_pkg']
[0.308s] Level 1:colcon.colcon_core.package_identification:_identify(cmake) by extension 'colcon_pkg'
[0.308s] Level 1:colcon.colcon_core.package_identification:_identify(cmake) by extensions ['colcon_meta']
[0.308s] Level 1:colcon.colcon_core.package_identification:_identify(cmake) by extension 'colcon_meta'
[0.308s] Level 1:colcon.colcon_core.package_identification:_identify(cmake) by extensions ['ros']
[0.308s] Level 1:colcon.colcon_core.package_identification:_identify(cmake) by extension 'ros'
[0.308s] Level 1:colcon.colcon_core.package_identification:_identify(cmake) by extensions ['cmake', 'python']
[0.308s] Level 1:colcon.colcon_core.package_identification:_identify(cmake) by extension 'cmake'
[0.308s] Level 1:colcon.colcon_core.package_identification:_identify(cmake) by extension 'python'
[0.308s] Level 1:colcon.colcon_core.package_identification:_identify(cmake) by extensions ['python_setup_py']
[0.308s] Level 1:colcon.colcon_core.package_identification:_identify(cmake) by extension 'python_setup_py'
[0.308s] Level 1:colcon.colcon_core.package_identification:_identify(gui) by extensions ['ignore', 'ignore_ament_install']
[0.308s] Level 1:colcon.colcon_core.package_identification:_identify(gui) by extension 'ignore'
[0.309s] Level 1:colcon.colcon_core.package_identification:_identify(gui) by extension 'ignore_ament_install'
[0.309s] Level 1:colcon.colcon_core.package_identification:_identify(gui) by extensions ['colcon_pkg']
[0.309s] Level 1:colcon.colcon_core.package_identification:_identify(gui) by extension 'colcon_pkg'
[0.309s] Level 1:colcon.colcon_core.package_identification:_identify(gui) by extensions ['colcon_meta']
[0.309s] Level 1:colcon.colcon_core.package_identification:_identify(gui) by extension 'colcon_meta'
[0.309s] Level 1:colcon.colcon_core.package_identification:_identify(gui) by extensions ['ros']
[0.309s] Level 1:colcon.colcon_core.package_identification:_identify(gui) by extension 'ros'
[0.310s] DEBUG:colcon.colcon_core.package_identification:Package 'gui' with type 'ros.ament_cmake' and name 'mcl_quadruped_gui'
[0.310s] Level 1:colcon.colcon_core.package_identification:_identify(install) by extensions ['ignore', 'ignore_ament_install']
[0.310s] Level 1:colcon.colcon_core.package_identification:_identify(install) by extension 'ignore'
[0.310s] Level 1:colcon.colcon_core.package_identification:_identify(install) ignored
[0.310s] Level 1:colcon.colcon_core.package_identification:_identify(log) by extensions ['ignore', 'ignore_ament_install']
[0.310s] Level 1:colcon.colcon_core.package_identification:_identify(log) by extension 'ignore'
[0.311s] Level 1:colcon.colcon_core.package_identification:_identify(log) ignored
[0.311s] Level 1:colcon.colcon_core.package_identification:_identify(mcl_robotics_lib_cpp) by extensions ['ignore', 'ignore_ament_install']
[0.311s] Level 1:colcon.colcon_core.package_identification:_identify(mcl_robotics_lib_cpp) by extension 'ignore'
[0.311s] Level 1:colcon.colcon_core.package_identification:_identify(mcl_robotics_lib_cpp) by extension 'ignore_ament_install'
[0.311s] Level 1:colcon.colcon_core.package_identification:_identify(mcl_robotics_lib_cpp) by extensions ['colcon_pkg']
[0.311s] Level 1:colcon.colcon_core.package_identification:_identify(mcl_robotics_lib_cpp) by extension 'colcon_pkg'
[0.311s] Level 1:colcon.colcon_core.package_identification:_identify(mcl_robotics_lib_cpp) by extensions ['colcon_meta']
[0.311s] Level 1:colcon.colcon_core.package_identification:_identify(mcl_robotics_lib_cpp) by extension 'colcon_meta'
[0.311s] Level 1:colcon.colcon_core.package_identification:_identify(mcl_robotics_lib_cpp) by extensions ['ros']
[0.311s] Level 1:colcon.colcon_core.package_identification:_identify(mcl_robotics_lib_cpp) by extension 'ros'
[0.311s] Level 1:colcon.colcon_core.package_identification:_identify(mcl_robotics_lib_cpp) by extensions ['cmake', 'python']
[0.311s] Level 1:colcon.colcon_core.package_identification:_identify(mcl_robotics_lib_cpp) by extension 'cmake'
[0.314s] Level 1:colcon.colcon_core.package_identification:_identify(mcl_robotics_lib_cpp) by extension 'python'
[0.314s] DEBUG:colcon.colcon_core.package_identification:Package 'mcl_robotics_lib_cpp' with type 'cmake' and name 'mcl_robotics_lib_cpp'
[0.314s] Level 1:colcon.colcon_core.package_identification:_identify(msgs) by extensions ['ignore', 'ignore_ament_install']
[0.314s] Level 1:colcon.colcon_core.package_identification:_identify(msgs) by extension 'ignore'
[0.314s] Level 1:colcon.colcon_core.package_identification:_identify(msgs) by extension 'ignore_ament_install'
[0.314s] Level 1:colcon.colcon_core.package_identification:_identify(msgs) by extensions ['colcon_pkg']
[0.314s] Level 1:colcon.colcon_core.package_identification:_identify(msgs) by extension 'colcon_pkg'
[0.314s] Level 1:colcon.colcon_core.package_identification:_identify(msgs) by extensions ['colcon_meta']
[0.314s] Level 1:colcon.colcon_core.package_identification:_identify(msgs) by extension 'colcon_meta'
[0.314s] Level 1:colcon.colcon_core.package_identification:_identify(msgs) by extensions ['ros']
[0.314s] Level 1:colcon.colcon_core.package_identification:_identify(msgs) by extension 'ros'
[0.315s] DEBUG:colcon.colcon_core.package_identification:Package 'msgs' with type 'ros.ament_cmake' and name 'mcl_quadruped_msgs'
[0.315s] Level 1:colcon.colcon_core.package_identification:_identify(mujoco) by extensions ['ignore', 'ignore_ament_install']
[0.315s] Level 1:colcon.colcon_core.package_identification:_identify(mujoco) by extension 'ignore'
[0.315s] Level 1:colcon.colcon_core.package_identification:_identify(mujoco) by extension 'ignore_ament_install'
[0.316s] Level 1:colcon.colcon_core.package_identification:_identify(mujoco) by extensions ['colcon_pkg']
[0.316s] Level 1:colcon.colcon_core.package_identification:_identify(mujoco) by extension 'colcon_pkg'
[0.316s] Level 1:colcon.colcon_core.package_identification:_identify(mujoco) by extensions ['colcon_meta']
[0.316s] Level 1:colcon.colcon_core.package_identification:_identify(mujoco) by extension 'colcon_meta'
[0.316s] Level 1:colcon.colcon_core.package_identification:_identify(mujoco) by extensions ['ros']
[0.316s] Level 1:colcon.colcon_core.package_identification:_identify(mujoco) by extension 'ros'
[0.317s] DEBUG:colcon.colcon_core.package_identification:Package 'mujoco' with type 'ros.ament_cmake' and name 'simple_mujoco_ros2_interface'
[0.317s] Level 1:colcon.colcon_core.package_identification:_identify(mylib) by extensions ['ignore', 'ignore_ament_install']
[0.317s] Level 1:colcon.colcon_core.package_identification:_identify(mylib) by extension 'ignore'
[0.317s] Level 1:colcon.colcon_core.package_identification:_identify(mylib) by extension 'ignore_ament_install'
[0.317s] Level 1:colcon.colcon_core.package_identification:_identify(mylib) by extensions ['colcon_pkg']
[0.317s] Level 1:colcon.colcon_core.package_identification:_identify(mylib) by extension 'colcon_pkg'
[0.317s] Level 1:colcon.colcon_core.package_identification:_identify(mylib) by extensions ['colcon_meta']
[0.317s] Level 1:colcon.colcon_core.package_identification:_identify(mylib) by extension 'colcon_meta'
[0.317s] Level 1:colcon.colcon_core.package_identification:_identify(mylib) by extensions ['ros']
[0.317s] Level 1:colcon.colcon_core.package_identification:_identify(mylib) by extension 'ros'
[0.317s] Level 1:colcon.colcon_core.package_identification:_identify(mylib) by extensions ['cmake', 'python']
[0.317s] Level 1:colcon.colcon_core.package_identification:_identify(mylib) by extension 'cmake'
[0.318s] Level 1:colcon.colcon_core.package_identification:_identify(mylib) by extension 'python'
[0.318s] DEBUG:colcon.colcon_core.package_identification:Package 'mylib' with type 'cmake' and name 'mylib'
[0.318s] Level 1:colcon.colcon_core.package_discovery:discover_packages(recursive) using defaults
[0.318s] Level 1:colcon.colcon_core.package_discovery:discover_packages(ignore) discover
[0.319s] Level 1:colcon.colcon_core.package_discovery:discover_packages(ignore) using defaults
[0.319s] Level 1:colcon.colcon_core.package_discovery:discover_packages(path) discover
[0.319s] Level 1:colcon.colcon_core.package_discovery:discover_packages(path) using defaults
[0.345s] INFO:colcon.colcon_core.package_selection:Skipping package 'mcl_robotics_lib_cpp' in 'mcl_robotics_lib_cpp'
[0.345s] INFO:colcon.colcon_core.package_selection:Skipping package 'mylib' in 'mylib'
[0.345s] INFO:colcon.colcon_core.package_selection:Skipping package 'simple_mujoco_ros2_interface' in 'mujoco'
[0.345s] Level 5:colcon.colcon_core.verb:set package 'mcl_quadruped_msgs' build argument 'cmake_args' from command line to '['-DCMAKE_EXPORT_COMPILE_COMMANDS=ON']'
[0.345s] Level 5:colcon.colcon_core.verb:set package 'mcl_quadruped_msgs' build argument 'cmake_target' from command line to 'None'
[0.345s] Level 5:colcon.colcon_core.verb:set package 'mcl_quadruped_msgs' build argument 'cmake_target_skip_unavailable' from command line to 'False'
[0.345s] Level 5:colcon.colcon_core.verb:set package 'mcl_quadruped_msgs' build argument 'cmake_clean_cache' from command line to 'False'
[0.345s] Level 5:colcon.colcon_core.verb:set package 'mcl_quadruped_msgs' build argument 'cmake_clean_first' from command line to 'False'
[0.345s] Level 5:colcon.colcon_core.verb:set package 'mcl_quadruped_msgs' build argument 'cmake_force_configure' from command line to 'False'
[0.345s] Level 5:colcon.colcon_core.verb:set package 'mcl_quadruped_msgs' build argument 'ament_cmake_args' from command line to 'None'
[0.345s] Level 5:colcon.colcon_core.verb:set package 'mcl_quadruped_msgs' build argument 'catkin_cmake_args' from command line to 'None'
[0.345s] Level 5:colcon.colcon_core.verb:set package 'mcl_quadruped_msgs' build argument 'catkin_skip_building_tests' from command line to 'False'
[0.346s] DEBUG:colcon.colcon_core.verb:Building package 'mcl_quadruped_msgs' with the following arguments: {'ament_cmake_args': None, 'build_base': '/home/cheetah/Desktop/JSHong/mcl_quadruped_pkgs/build/mcl_quadruped_msgs', 'catkin_cmake_args': None, 'catkin_skip_building_tests': False, 'cmake_args': ['-DCMAKE_EXPORT_COMPILE_COMMANDS=ON'], 'cmake_clean_cache': False, 'cmake_clean_first': False, 'cmake_force_configure': False, 'cmake_target': None, 'cmake_target_skip_unavailable': False, 'install_base': '/home/cheetah/Desktop/JSHong/mcl_quadruped_pkgs/install/mcl_quadruped_msgs', 'merge_install': False, 'path': '/home/cheetah/Desktop/JSHong/mcl_quadruped_pkgs/msgs', 'symlink_install': False, 'test_result_base': None}
[0.346s] Level 5:colcon.colcon_core.verb:set package 'Xenomai4' build argument 'cmake_args' from command line to '['-DCMAKE_EXPORT_COMPILE_COMMANDS=ON']'
[0.346s] Level 5:colcon.colcon_core.verb:set package 'Xenomai4' build argument 'cmake_target' from command line to 'None'
[0.346s] Level 5:colcon.colcon_core.verb:set package 'Xenomai4' build argument 'cmake_target_skip_unavailable' from command line to 'False'
[0.346s] Level 5:colcon.colcon_core.verb:set package 'Xenomai4' build argument 'cmake_clean_cache' from command line to 'False'
[0.346s] Level 5:colcon.colcon_core.verb:set package 'Xenomai4' build argument 'cmake_clean_first' from command line to 'False'
[0.346s] Level 5:colcon.colcon_core.verb:set package 'Xenomai4' build argument 'cmake_force_configure' from command line to 'False'
[0.346s] Level 5:colcon.colcon_core.verb:set package 'Xenomai4' build argument 'ament_cmake_args' from command line to 'None'
[0.346s] Level 5:colcon.colcon_core.verb:set package 'Xenomai4' build argument 'catkin_cmake_args' from command line to 'None'
[0.346s] Level 5:colcon.colcon_core.verb:set package 'Xenomai4' build argument 'catkin_skip_building_tests' from command line to 'False'
[0.346s] DEBUG:colcon.colcon_core.verb:Building package 'Xenomai4' with the following arguments: {'ament_cmake_args': None, 'build_base': '/home/cheetah/Desktop/JSHong/mcl_quadruped_pkgs/build/Xenomai4', 'catkin_cmake_args': None, 'catkin_skip_building_tests': False, 'cmake_args': ['-DCMAKE_EXPORT_COMPILE_COMMANDS=ON'], 'cmake_clean_cache': False, 'cmake_clean_first': False, 'cmake_force_configure': False, 'cmake_target': None, 'cmake_target_skip_unavailable': False, 'install_base': '/home/cheetah/Desktop/JSHong/mcl_quadruped_pkgs/install/Xenomai4', 'merge_install': False, 'path': '/home/cheetah/Desktop/JSHong/mcl_quadruped_pkgs/Controller/2DOF', 'symlink_install': False, 'test_result_base': None}
[0.347s] Level 5:colcon.colcon_core.verb:set package 'mcl_quadruped_gui' build argument 'cmake_args' from command line to '['-DCMAKE_EXPORT_COMPILE_COMMANDS=ON']'
[0.347s] Level 5:colcon.colcon_core.verb:set package 'mcl_quadruped_gui' build argument 'cmake_target' from command line to 'None'
[0.347s] Level 5:colcon.colcon_core.verb:set package 'mcl_quadruped_gui' build argument 'cmake_target_skip_unavailable' from command line to 'False'
[0.347s] Level 5:colcon.colcon_core.verb:set package 'mcl_quadruped_gui' build argument 'cmake_clean_cache' from command line to 'False'
[0.347s] Level 5:colcon.colcon_core.verb:set package 'mcl_quadruped_gui' build argument 'cmake_clean_first' from command line to 'False'
[0.347s] Level 5:colcon.colcon_core.verb:set package 'mcl_quadruped_gui' build argument 'cmake_force_configure' from command line to 'False'
[0.347s] Level 5:colcon.colcon_core.verb:set package 'mcl_quadruped_gui' build argument 'ament_cmake_args' from command line to 'None'
[0.347s] Level 5:colcon.colcon_core.verb:set package 'mcl_quadruped_gui' build argument 'catkin_cmake_args' from command line to 'None'
[0.347s] Level 5:colcon.colcon_core.verb:set package 'mcl_quadruped_gui' build argument 'catkin_skip_building_tests' from command line to 'False'
[0.347s] DEBUG:colcon.colcon_core.verb:Building package 'mcl_quadruped_gui' with the following arguments: {'ament_cmake_args': None, 'build_base': '/home/cheetah/Desktop/JSHong/mcl_quadruped_pkgs/build/mcl_quadruped_gui', 'catkin_cmake_args': None, 'catkin_skip_building_tests': False, 'cmake_args': ['-DCMAKE_EXPORT_COMPILE_COMMANDS=ON'], 'cmake_clean_cache': False, 'cmake_clean_first': False, 'cmake_force_configure': False, 'cmake_target': None, 'cmake_target_skip_unavailable': False, 'install_base': '/home/cheetah/Desktop/JSHong/mcl_quadruped_pkgs/install/mcl_quadruped_gui', 'merge_install': False, 'path': '/home/cheetah/Desktop/JSHong/mcl_quadruped_pkgs/gui', 'symlink_install': False, 'test_result_base': None}
[0.347s] INFO:colcon.colcon_core.executor:Executing jobs using 'parallel' executor
[0.348s] DEBUG:colcon.colcon_parallel_executor.executor.parallel:run_until_complete
[0.348s] INFO:colcon.colcon_ros.task.ament_cmake.build:Building ROS package in '/home/cheetah/Desktop/JSHong/mcl_quadruped_pkgs/msgs' with build type 'ament_cmake'
[0.349s] INFO:colcon.colcon_cmake.task.cmake.build:Building CMake package in '/home/cheetah/Desktop/JSHong/mcl_quadruped_pkgs/msgs'
[0.351s] INFO:colcon.colcon_core.plugin_system:Skipping extension 'colcon_core.shell.bat': Not used on non-Windows systems
[0.352s] DEBUG:colcon.colcon_core.shell:Skip shell extension 'dsv' for command environment
[0.353s] WARNING:colcon.colcon_ros.prefix_path.ament:The path '/nix/store/524p825vzng21y0qgq65cvjvjf2lq0yh-ros-env' in the environment variable AMENT_PREFIX_PATH doesn't contain any 'local_setup.*' files.
[0.362s] DEBUG:colcon.colcon_core.event_handler.log_command:Invoking command in '/home/cheetah/Desktop/JSHong/mcl_quadruped_pkgs/build/mcl_quadruped_msgs': CMAKE_PREFIX_PATH=/nix/store/524p825vzng21y0qgq65cvjvjf2lq0yh-ros-env XML_CATALOG_FILES= _=/nix/store/yh6qg1nsi5h2xblcr67030pz58fsaxx3-coreutils-9.6/bin/env buildPhase={ echo "------------------------------------------------------------";
  echo " WARNING: the existence of this path is not guaranteed.";
  echo " It is an internal implementation detail for pkgs.mkShell.";
  echo "------------------------------------------------------------";
  echo;
  # Record all build inputs as runtime dependencies
  export;
} >> "$out" /nix/store/8jljd7zhwwcpqmfj3cz18nbr9x4dilf1-python3.12-cmake-3.31.5/bin/cmake /home/cheetah/Desktop/JSHong/mcl_quadruped_pkgs/msgs -DCMAKE_EXPORT_COMPILE_COMMANDS=ON -DCMAKE_INSTALL_PREFIX=/home/cheetah/Desktop/JSHong/mcl_quadruped_pkgs/install/mcl_quadruped_msgs
[1.133s] DEBUG:colcon.colcon_core.event_handler.log_command:Invoked command in '/home/cheetah/Desktop/JSHong/mcl_quadruped_pkgs/build/mcl_quadruped_msgs' returned '1': CMAKE_PREFIX_PATH=/nix/store/524p825vzng21y0qgq65cvjvjf2lq0yh-ros-env XML_CATALOG_FILES= _=/nix/store/yh6qg1nsi5h2xblcr67030pz58fsaxx3-coreutils-9.6/bin/env buildPhase={ echo "------------------------------------------------------------";
  echo " WARNING: the existence of this path is not guaranteed.";
  echo " It is an internal implementation detail for pkgs.mkShell.";
  echo "------------------------------------------------------------";
  echo;
  # Record all build inputs as runtime dependencies
  export;
} >> "$out" /nix/store/8jljd7zhwwcpqmfj3cz18nbr9x4dilf1-python3.12-cmake-3.31.5/bin/cmake /home/cheetah/Desktop/JSHong/mcl_quadruped_pkgs/msgs -DCMAKE_EXPORT_COMPILE_COMMANDS=ON -DCMAKE_INSTALL_PREFIX=/home/cheetah/Desktop/JSHong/mcl_quadruped_pkgs/install/mcl_quadruped_msgs
[1.199s] Level 1:colcon.colcon_core.environment:create_environment_scripts_only(mcl_quadruped_msgs)
[1.203s] Level 1:colcon.colcon_core.environment:checking '/home/cheetah/Desktop/JSHong/mcl_quadruped_pkgs/install/mcl_quadruped_msgs' for CMake module files
[1.203s] Level 1:colcon.colcon_core.environment:checking '/home/cheetah/Desktop/JSHong/mcl_quadruped_pkgs/install/mcl_quadruped_msgs' for CMake config files
[1.204s] Level 1:colcon.colcon_core.environment:checking '/home/cheetah/Desktop/JSHong/mcl_quadruped_pkgs/install/mcl_quadruped_msgs/bin'
[1.204s] Level 1:colcon.colcon_core.environment:checking '/home/cheetah/Desktop/JSHong/mcl_quadruped_pkgs/install/mcl_quadruped_msgs/lib/pkgconfig/mcl_quadruped_msgs.pc'
[1.206s] Level 1:colcon.colcon_core.environment:checking '/home/cheetah/Desktop/JSHong/mcl_quadruped_pkgs/install/mcl_quadruped_msgs/lib/python3.12/site-packages'
[1.207s] Level 1:colcon.colcon_core.environment:checking '/home/cheetah/Desktop/JSHong/mcl_quadruped_pkgs/install/mcl_quadruped_msgs/bin'
[1.207s] INFO:colcon.colcon_core.shell:Creating package descriptor '/home/cheetah/Desktop/JSHong/mcl_quadruped_pkgs/install/mcl_quadruped_msgs/share/mcl_quadruped_msgs/package.dsv'
[1.208s] INFO:colcon.colcon_core.shell:Creating package script '/home/cheetah/Desktop/JSHong/mcl_quadruped_pkgs/install/mcl_quadruped_msgs/share/mcl_quadruped_msgs/package.sh'
[1.209s] INFO:colcon.colcon_core.shell:Creating package script '/home/cheetah/Desktop/JSHong/mcl_quadruped_pkgs/install/mcl_quadruped_msgs/share/mcl_quadruped_msgs/package.bash'
[1.210s] INFO:colcon.colcon_core.shell:Creating package script '/home/cheetah/Desktop/JSHong/mcl_quadruped_pkgs/install/mcl_quadruped_msgs/share/mcl_quadruped_msgs/package.zsh'
[1.210s] Level 1:colcon.colcon_core.environment:create_file_with_runtime_dependencies(/home/cheetah/Desktop/JSHong/mcl_quadruped_pkgs/install/mcl_quadruped_msgs/share/colcon-core/packages/mcl_quadruped_msgs)
[1.221s] DEBUG:colcon.colcon_parallel_executor.executor.parallel:closing loop
[1.221s] DEBUG:colcon.colcon_parallel_executor.executor.parallel:loop closed
[1.221s] DEBUG:colcon.colcon_parallel_executor.executor.parallel:run_until_complete finished with '1'
[1.221s] DEBUG:colcon.colcon_core.event_reactor:joining thread
[1.231s] INFO:colcon.colcon_core.plugin_system:Skipping extension 'colcon_notification.desktop_notification.terminal_notifier': Not used on non-Darwin systems
[1.231s] INFO:colcon.colcon_core.plugin_system:Skipping extension 'colcon_notification.desktop_notification.win32': Not used on non-Windows systems
[1.231s] INFO:colcon.colcon_notification.desktop_notification:Sending desktop notification using 'notify2'
[1.244s] DEBUG:colcon.colcon_core.event_reactor:joined thread
[1.244s] INFO:colcon.colcon_core.shell:Creating prefix script '/home/cheetah/Desktop/JSHong/mcl_quadruped_pkgs/install/local_setup.sh'
[1.245s] INFO:colcon.colcon_core.shell:Creating prefix util module '/home/cheetah/Desktop/JSHong/mcl_quadruped_pkgs/install/_local_setup_util_sh.py'
[1.247s] INFO:colcon.colcon_core.shell:Creating prefix chain script '/home/cheetah/Desktop/JSHong/mcl_quadruped_pkgs/install/setup.sh'
[1.248s] INFO:colcon.colcon_core.shell:Creating prefix script '/home/cheetah/Desktop/JSHong/mcl_quadruped_pkgs/install/local_setup.bash'
[1.248s] INFO:colcon.colcon_core.shell:Creating prefix chain script '/home/cheetah/Desktop/JSHong/mcl_quadruped_pkgs/install/setup.bash'
[1.249s] INFO:colcon.colcon_core.shell:Creating prefix script '/home/cheetah/Desktop/JSHong/mcl_quadruped_pkgs/install/local_setup.zsh'
[1.250s] INFO:colcon.colcon_core.shell:Creating prefix chain script '/home/cheetah/Desktop/JSHong/mcl_quadruped_pkgs/install/setup.zsh'
