[0.012s] Invoking command in '/home/cheetah/Desktop/JSHong/mcl_quadruped_pkgs/build/mcl_quadruped_msgs': CMAKE_PREFIX_PATH=/nix/store/524p825vzng21y0qgq65cvjvjf2lq0yh-ros-env XML_CATALOG_FILES= _=/nix/store/yh6qg1nsi5h2xblcr67030pz58fsaxx3-coreutils-9.6/bin/env buildPhase={ echo "------------------------------------------------------------";
  echo " WARNING: the existence of this path is not guaranteed.";
  echo " It is an internal implementation detail for pkgs.mkShell.";
  echo "------------------------------------------------------------";
  echo;
  # Record all build inputs as runtime dependencies
  export;
} >> "$out" /nix/store/8jljd7zhwwcpqmfj3cz18nbr9x4dilf1-python3.12-cmake-3.31.5/bin/cmake /home/cheetah/Desktop/JSHong/mcl_quadruped_pkgs/msgs -DCMAKE_EXPORT_COMPILE_COMMANDS=ON -DCMAKE_INSTALL_PREFIX=/home/cheetah/Desktop/JSHong/mcl_quadruped_pkgs/install/mcl_quadruped_msgs
[0.172s] -- Found ament_cmake: 1.3.11 (/nix/store/524p825vzng21y0qgq65cvjvjf2lq0yh-ros-env/share/ament_cmake/cmake)
[0.583s] -- Found std_msgs: 4.2.4 (/nix/store/524p825vzng21y0qgq65cvjvjf2lq0yh-ros-env/share/std_msgs/cmake)
[0.612s] -- Found rosidl_generator_c: 3.1.6 (/nix/store/524p825vzng21y0qgq65cvjvjf2lq0yh-ros-env/share/rosidl_generator_c/cmake)
[0.615s] -- Found rosidl_adapter: 3.1.6 (/nix/store/524p825vzng21y0qgq65cvjvjf2lq0yh-ros-env/share/rosidl_adapter/cmake)
[0.621s] -- Found rosidl_generator_cpp: 3.1.6 (/nix/store/524p825vzng21y0qgq65cvjvjf2lq0yh-ros-env/share/rosidl_generator_cpp/cmake)
[0.635s] -- Using all available rosidl_typesupport_c: rosidl_typesupport_fastrtps_c;rosidl_typesupport_introspection_c
[0.653s] -- Using all available rosidl_typesupport_cpp: rosidl_typesupport_fastrtps_cpp;rosidl_typesupport_introspection_cpp
[0.695s] -- Found sensor_msgs: 4.2.4 (/nix/store/524p825vzng21y0qgq65cvjvjf2lq0yh-ros-env/share/sensor_msgs/cmake)
[0.757s] -- Found rosidl_default_generators: 1.2.0 (/nix/store/524p825vzng21y0qgq65cvjvjf2lq0yh-ros-env/share/rosidl_default_generators/cmake)
[0.773s] [31mCMake Error at CMakeLists.txt:24 (find_package):
[0.773s]   By not providing "Findpython_cmake_module.cmake" in CMAKE_MODULE_PATH this
[0.773s]   project has asked CMake to find a package configuration file provided by
[0.773s]   "python_cmake_module", but CMake did not find one.
[0.773s] 
[0.773s]   Could not find a package configuration file provided by
[0.773s]   "python_cmake_module" with any of the following names:
[0.774s] 
[0.774s]     python_cmake_moduleConfig.cmake
[0.774s]     python_cmake_module-config.cmake
[0.774s] 
[0.774s]   Add the installation prefix of "python_cmake_module" to CMAKE_PREFIX_PATH
[0.774s]   or set "python_cmake_module_DIR" to a directory containing one of the above
[0.774s]   files.  If "python_cmake_module" provides a separate development package or
[0.774s]   SDK, be sure it has been installed.
[0.775s] 
[0.775s] [0m
[0.775s] -- Configuring incomplete, errors occurred!
[0.784s] Invoked command in '/home/cheetah/Desktop/JSHong/mcl_quadruped_pkgs/build/mcl_quadruped_msgs' returned '1': CMAKE_PREFIX_PATH=/nix/store/524p825vzng21y0qgq65cvjvjf2lq0yh-ros-env XML_CATALOG_FILES= _=/nix/store/yh6qg1nsi5h2xblcr67030pz58fsaxx3-coreutils-9.6/bin/env buildPhase={ echo "------------------------------------------------------------";
  echo " WARNING: the existence of this path is not guaranteed.";
  echo " It is an internal implementation detail for pkgs.mkShell.";
  echo "------------------------------------------------------------";
  echo;
  # Record all build inputs as runtime dependencies
  export;
} >> "$out" /nix/store/8jljd7zhwwcpqmfj3cz18nbr9x4dilf1-python3.12-cmake-3.31.5/bin/cmake /home/cheetah/Desktop/JSHong/mcl_quadruped_pkgs/msgs -DCMAKE_EXPORT_COMPILE_COMMANDS=ON -DCMAKE_INSTALL_PREFIX=/home/cheetah/Desktop/JSHong/mcl_quadruped_pkgs/install/mcl_quadruped_msgs
